mode: set
github.com/StackEye-IO/stackeye-cli/internal/cmd/admin.go:9.35,47.2 4 1
github.com/StackEye-IO/stackeye-cli/internal/cmd/admin_m2m_key.go:8.41,54.2 7 1
github.com/StackEye-IO/stackeye-cli/internal/cmd/admin_m2m_key_create.go:19.47,52.55 3 1
github.com/StackEye-IO/stackeye-cli/internal/cmd/admin_m2m_key_create.go:52.55,54.4 1 0
github.com/StackEye-IO/stackeye-cli/internal/cmd/admin_m2m_key_create.go:57.2,60.12 3 1
github.com/StackEye-IO/stackeye-cli/internal/cmd/admin_m2m_key_create.go:64.82,66.29 1 0
github.com/StackEye-IO/stackeye-cli/internal/cmd/admin_m2m_key_create.go:66.29,68.3 1 0
github.com/StackEye-IO/stackeye-cli/internal/cmd/admin_m2m_key_create.go:69.2,69.28 1 0
github.com/StackEye-IO/stackeye-cli/internal/cmd/admin_m2m_key_create.go:69.28,71.3 1 0
github.com/StackEye-IO/stackeye-cli/internal/cmd/admin_m2m_key_create.go:74.2,75.16 2 0
github.com/StackEye-IO/stackeye-cli/internal/cmd/admin_m2m_key_create.go:75.16,77.3 1 0
github.com/StackEye-IO/stackeye-cli/internal/cmd/admin_m2m_key_create.go:80.2,89.16 5 0
github.com/StackEye-IO/stackeye-cli/internal/cmd/admin_m2m_key_create.go:89.16,91.3 1 0
github.com/StackEye-IO/stackeye-cli/internal/cmd/admin_m2m_key_create.go:94.2,95.42 2 0
github.com/StackEye-IO/stackeye-cli/internal/cmd/admin_m2m_key_create.go:95.42,96.39 1 0
github.com/StackEye-IO/stackeye-cli/internal/cmd/admin_m2m_key_create.go:97.23,98.33 1 0
github.com/StackEye-IO/stackeye-cli/internal/cmd/admin_m2m_key_create.go:103.2,104.12 2 0
github.com/StackEye-IO/stackeye-cli/internal/cmd/admin_m2m_key_create.go:108.78,110.18 2 0
github.com/StackEye-IO/stackeye-cli/internal/cmd/admin_m2m_key_create.go:110.18,112.3 1 0
github.com/StackEye-IO/stackeye-cli/internal/cmd/admin_m2m_key_create.go:114.2,129.15 16 0
github.com/StackEye-IO/stackeye-cli/internal/cmd/admin_m2m_key_deactivate.go:19.51,40.55 2 1
github.com/StackEye-IO/stackeye-cli/internal/cmd/admin_m2m_key_deactivate.go:40.55,42.4 1 0
github.com/StackEye-IO/stackeye-cli/internal/cmd/admin_m2m_key_deactivate.go:45.2,48.12 3 1
github.com/StackEye-IO/stackeye-cli/internal/cmd/admin_m2m_key_deactivate.go:52.72,55.16 2 0
github.com/StackEye-IO/stackeye-cli/internal/cmd/admin_m2m_key_deactivate.go:55.16,57.3 1 0
github.com/StackEye-IO/stackeye-cli/internal/cmd/admin_m2m_key_deactivate.go:60.2,64.16 4 0
github.com/StackEye-IO/stackeye-cli/internal/cmd/admin_m2m_key_deactivate.go:64.16,66.3 1 0
github.com/StackEye-IO/stackeye-cli/internal/cmd/admin_m2m_key_deactivate.go:69.2,70.42 2 0
github.com/StackEye-IO/stackeye-cli/internal/cmd/admin_m2m_key_deactivate.go:70.42,71.39 1 0
github.com/StackEye-IO/stackeye-cli/internal/cmd/admin_m2m_key_deactivate.go:72.23,73.33 1 0
github.com/StackEye-IO/stackeye-cli/internal/cmd/admin_m2m_key_deactivate.go:78.2,79.12 2 0
github.com/StackEye-IO/stackeye-cli/internal/cmd/admin_m2m_key_deactivate.go:83.71,93.2 9 0
github.com/StackEye-IO/stackeye-cli/internal/cmd/admin_m2m_key_get.go:19.44,36.55 2 1
github.com/StackEye-IO/stackeye-cli/internal/cmd/admin_m2m_key_get.go:36.55,38.4 1 0
github.com/StackEye-IO/stackeye-cli/internal/cmd/admin_m2m_key_get.go:41.2,44.12 3 1
github.com/StackEye-IO/stackeye-cli/internal/cmd/admin_m2m_key_get.go:48.65,51.16 2 0
github.com/StackEye-IO/stackeye-cli/internal/cmd/admin_m2m_key_get.go:51.16,53.3 1 0
github.com/StackEye-IO/stackeye-cli/internal/cmd/admin_m2m_key_get.go:56.2,60.16 4 0
github.com/StackEye-IO/stackeye-cli/internal/cmd/admin_m2m_key_get.go:60.16,62.3 1 0
github.com/StackEye-IO/stackeye-cli/internal/cmd/admin_m2m_key_get.go:65.2,66.42 2 0
github.com/StackEye-IO/stackeye-cli/internal/cmd/admin_m2m_key_get.go:66.42,67.39 1 0
github.com/StackEye-IO/stackeye-cli/internal/cmd/admin_m2m_key_get.go:68.23,69.28 1 0
github.com/StackEye-IO/stackeye-cli/internal/cmd/admin_m2m_key_get.go:74.2,75.12 2 0
github.com/StackEye-IO/stackeye-cli/internal/cmd/admin_m2m_key_get.go:79.43,81.18 2 0
github.com/StackEye-IO/stackeye-cli/internal/cmd/admin_m2m_key_get.go:81.18,83.3 1 0
github.com/StackEye-IO/stackeye-cli/internal/cmd/admin_m2m_key_get.go:85.2,86.19 2 0
github.com/StackEye-IO/stackeye-cli/internal/cmd/admin_m2m_key_get.go:86.19,88.3 1 0
github.com/StackEye-IO/stackeye-cli/internal/cmd/admin_m2m_key_get.go:90.2,102.55 13 0
github.com/StackEye-IO/stackeye-cli/internal/cmd/admin_m2m_key_get.go:102.55,106.3 1 0
github.com/StackEye-IO/stackeye-cli/internal/cmd/admin_m2m_key_get.go:106.8,108.3 1 0
github.com/StackEye-IO/stackeye-cli/internal/cmd/admin_m2m_key_get.go:109.2,110.15 2 0
github.com/StackEye-IO/stackeye-cli/internal/cmd/admin_m2m_key_list.go:19.45,46.55 1 1
github.com/StackEye-IO/stackeye-cli/internal/cmd/admin_m2m_key_list.go:46.55,48.4 1 0
github.com/StackEye-IO/stackeye-cli/internal/cmd/admin_m2m_key_list.go:51.2,51.12 1 1
github.com/StackEye-IO/stackeye-cli/internal/cmd/admin_m2m_key_list.go:55.52,58.16 2 0
github.com/StackEye-IO/stackeye-cli/internal/cmd/admin_m2m_key_list.go:58.16,60.3 1 0
github.com/StackEye-IO/stackeye-cli/internal/cmd/admin_m2m_key_list.go:63.2,67.16 4 0
github.com/StackEye-IO/stackeye-cli/internal/cmd/admin_m2m_key_list.go:67.16,69.3 1 0
github.com/StackEye-IO/stackeye-cli/internal/cmd/admin_m2m_key_list.go:72.2,73.42 2 0
github.com/StackEye-IO/stackeye-cli/internal/cmd/admin_m2m_key_list.go:73.42,74.39 1 0
github.com/StackEye-IO/stackeye-cli/internal/cmd/admin_m2m_key_list.go:75.23,76.33 1 0
github.com/StackEye-IO/stackeye-cli/internal/cmd/admin_m2m_key_list.go:81.2,82.12 2 0
github.com/StackEye-IO/stackeye-cli/internal/cmd/admin_m2m_key_list.go:86.58,93.29 6 0
github.com/StackEye-IO/stackeye-cli/internal/cmd/admin_m2m_key_list.go:93.29,97.3 3 0
github.com/StackEye-IO/stackeye-cli/internal/cmd/admin_m2m_key_list.go:99.2,108.36 5 0
github.com/StackEye-IO/stackeye-cli/internal/cmd/admin_m2m_key_list.go:108.36,110.19 2 0
github.com/StackEye-IO/stackeye-cli/internal/cmd/admin_m2m_key_list.go:110.19,112.4 1 0
github.com/StackEye-IO/stackeye-cli/internal/cmd/admin_m2m_key_list.go:114.3,115.19 2 0
github.com/StackEye-IO/stackeye-cli/internal/cmd/admin_m2m_key_list.go:115.19,117.4 1 0
github.com/StackEye-IO/stackeye-cli/internal/cmd/admin_m2m_key_list.go:119.3,127.12 3 0
github.com/StackEye-IO/stackeye-cli/internal/cmd/admin_m2m_key_list.go:130.2,131.15 2 0
github.com/StackEye-IO/stackeye-cli/internal/cmd/admin_m2m_key_list.go:135.48,136.14 1 0
github.com/StackEye-IO/stackeye-cli/internal/cmd/admin_m2m_key_list.go:136.14,138.3 1 0
github.com/StackEye-IO/stackeye-cli/internal/cmd/admin_m2m_key_list.go:139.2,139.16 1 0
github.com/StackEye-IO/stackeye-cli/internal/cmd/admin_m2m_key_list.go:139.16,141.3 1 0
github.com/StackEye-IO/stackeye-cli/internal/cmd/admin_m2m_key_list.go:144.2,145.9 2 0
github.com/StackEye-IO/stackeye-cli/internal/cmd/admin_m2m_key_list.go:146.27,147.20 1 0
github.com/StackEye-IO/stackeye-cli/internal/cmd/admin_m2m_key_list.go:148.25,150.16 2 0
github.com/StackEye-IO/stackeye-cli/internal/cmd/admin_m2m_key_list.go:150.16,152.4 1 0
github.com/StackEye-IO/stackeye-cli/internal/cmd/admin_m2m_key_list.go:153.3,153.42 1 0
github.com/StackEye-IO/stackeye-cli/internal/cmd/admin_m2m_key_list.go:154.28,156.17 2 0
github.com/StackEye-IO/stackeye-cli/internal/cmd/admin_m2m_key_list.go:156.17,158.4 1 0
github.com/StackEye-IO/stackeye-cli/internal/cmd/admin_m2m_key_list.go:159.3,159.44 1 0
github.com/StackEye-IO/stackeye-cli/internal/cmd/admin_m2m_key_list.go:160.10,162.16 2 0
github.com/StackEye-IO/stackeye-cli/internal/cmd/admin_m2m_key_list.go:162.16,164.4 1 0
github.com/StackEye-IO/stackeye-cli/internal/cmd/admin_m2m_key_list.go:165.3,165.42 1 0
github.com/StackEye-IO/stackeye-cli/internal/cmd/admin_m2m_key_list.go:170.46,171.16 1 0
github.com/StackEye-IO/stackeye-cli/internal/cmd/admin_m2m_key_list.go:171.16,173.3 1 0
github.com/StackEye-IO/stackeye-cli/internal/cmd/admin_m2m_key_list.go:174.2,174.33 1 0
github.com/StackEye-IO/stackeye-cli/internal/cmd/admin_m2m_key_list.go:178.55,179.22 1 0
github.com/StackEye-IO/stackeye-cli/internal/cmd/admin_m2m_key_list.go:179.22,181.3 1 0
github.com/StackEye-IO/stackeye-cli/internal/cmd/admin_m2m_key_list.go:182.2,182.17 1 0
github.com/StackEye-IO/stackeye-cli/internal/cmd/admin_m2m_key_list.go:182.17,184.3 1 0
github.com/StackEye-IO/stackeye-cli/internal/cmd/admin_m2m_key_list.go:185.2,185.29 1 0
github.com/StackEye-IO/stackeye-cli/internal/cmd/admin_m2m_key_rotate.go:19.47,40.55 2 1
github.com/StackEye-IO/stackeye-cli/internal/cmd/admin_m2m_key_rotate.go:40.55,42.4 1 0
github.com/StackEye-IO/stackeye-cli/internal/cmd/admin_m2m_key_rotate.go:45.2,48.12 3 1
github.com/StackEye-IO/stackeye-cli/internal/cmd/admin_m2m_key_rotate.go:52.68,55.16 2 0
github.com/StackEye-IO/stackeye-cli/internal/cmd/admin_m2m_key_rotate.go:55.16,57.3 1 0
github.com/StackEye-IO/stackeye-cli/internal/cmd/admin_m2m_key_rotate.go:60.2,64.16 4 0
github.com/StackEye-IO/stackeye-cli/internal/cmd/admin_m2m_key_rotate.go:64.16,66.3 1 0
github.com/StackEye-IO/stackeye-cli/internal/cmd/admin_m2m_key_rotate.go:69.2,70.42 2 0
github.com/StackEye-IO/stackeye-cli/internal/cmd/admin_m2m_key_rotate.go:70.42,71.39 1 0
github.com/StackEye-IO/stackeye-cli/internal/cmd/admin_m2m_key_rotate.go:72.23,73.33 1 0
github.com/StackEye-IO/stackeye-cli/internal/cmd/admin_m2m_key_rotate.go:78.2,79.12 2 0
github.com/StackEye-IO/stackeye-cli/internal/cmd/admin_m2m_key_rotate.go:83.63,109.2 25 0
github.com/StackEye-IO/stackeye-cli/internal/cmd/admin_worker_key.go:8.44,39.2 5 1
github.com/StackEye-IO/stackeye-cli/internal/cmd/admin_worker_key_create.go:25.50,50.55 1 1
github.com/StackEye-IO/stackeye-cli/internal/cmd/admin_worker_key_create.go:50.55,52.4 1 0
github.com/StackEye-IO/stackeye-cli/internal/cmd/admin_worker_key_create.go:56.2,62.12 4 1
github.com/StackEye-IO/stackeye-cli/internal/cmd/admin_worker_key_create.go:66.57,69.16 2 0
github.com/StackEye-IO/stackeye-cli/internal/cmd/admin_worker_key_create.go:69.16,71.3 1 0
github.com/StackEye-IO/stackeye-cli/internal/cmd/admin_worker_key_create.go:74.2,84.16 5 0
github.com/StackEye-IO/stackeye-cli/internal/cmd/admin_worker_key_create.go:84.16,86.3 1 0
github.com/StackEye-IO/stackeye-cli/internal/cmd/admin_worker_key_create.go:89.2,90.42 2 0
github.com/StackEye-IO/stackeye-cli/internal/cmd/admin_worker_key_create.go:90.42,91.39 1 0
github.com/StackEye-IO/stackeye-cli/internal/cmd/admin_worker_key_create.go:92.23,93.33 1 0
github.com/StackEye-IO/stackeye-cli/internal/cmd/admin_worker_key_create.go:98.2,99.12 2 0
github.com/StackEye-IO/stackeye-cli/internal/cmd/admin_worker_key_create.go:103.69,145.2 33 0
github.com/StackEye-IO/stackeye-cli/internal/cmd/admin_worker_key_create.go:148.58,149.22 1 0
github.com/StackEye-IO/stackeye-cli/internal/cmd/admin_worker_key_create.go:149.22,151.3 1 0
github.com/StackEye-IO/stackeye-cli/internal/cmd/admin_worker_key_create.go:152.2,152.17 1 0
github.com/StackEye-IO/stackeye-cli/internal/cmd/admin_worker_key_create.go:152.17,154.3 1 0
github.com/StackEye-IO/stackeye-cli/internal/cmd/admin_worker_key_create.go:155.2,155.29 1 0
github.com/StackEye-IO/stackeye-cli/internal/cmd/admin_worker_key_create.go:159.46,160.16 1 0
github.com/StackEye-IO/stackeye-cli/internal/cmd/admin_worker_key_create.go:160.16,162.3 1 0
github.com/StackEye-IO/stackeye-cli/internal/cmd/admin_worker_key_create.go:163.2,163.44 1 0
github.com/StackEye-IO/stackeye-cli/internal/cmd/admin_worker_key_delete.go:24.50,48.55 1 1
github.com/StackEye-IO/stackeye-cli/internal/cmd/admin_worker_key_delete.go:48.55,50.4 1 0
github.com/StackEye-IO/stackeye-cli/internal/cmd/admin_worker_key_delete.go:54.2,56.12 2 1
github.com/StackEye-IO/stackeye-cli/internal/cmd/admin_worker_key_delete.go:60.71,63.16 2 0
github.com/StackEye-IO/stackeye-cli/internal/cmd/admin_worker_key_delete.go:63.16,65.3 1 0
github.com/StackEye-IO/stackeye-cli/internal/cmd/admin_worker_key_delete.go:68.2,68.27 1 0
github.com/StackEye-IO/stackeye-cli/internal/cmd/admin_worker_key_delete.go:68.27,70.23 2 0
github.com/StackEye-IO/stackeye-cli/internal/cmd/admin_worker_key_delete.go:70.23,72.4 1 0
github.com/StackEye-IO/stackeye-cli/internal/cmd/admin_worker_key_delete.go:73.3,73.17 1 0
github.com/StackEye-IO/stackeye-cli/internal/cmd/admin_worker_key_delete.go:73.17,76.4 2 0
github.com/StackEye-IO/stackeye-cli/internal/cmd/admin_worker_key_delete.go:80.2,84.16 4 0
github.com/StackEye-IO/stackeye-cli/internal/cmd/admin_worker_key_delete.go:84.16,86.3 1 0
github.com/StackEye-IO/stackeye-cli/internal/cmd/admin_worker_key_delete.go:89.2,90.12 2 0
github.com/StackEye-IO/stackeye-cli/internal/cmd/admin_worker_key_delete.go:94.59,100.16 5 0
github.com/StackEye-IO/stackeye-cli/internal/cmd/admin_worker_key_delete.go:100.16,102.3 1 0
github.com/StackEye-IO/stackeye-cli/internal/cmd/admin_worker_key_delete.go:104.2,105.28 2 0
github.com/StackEye-IO/stackeye-cli/internal/cmd/admin_worker_key_delete.go:109.42,120.2 10 0
github.com/StackEye-IO/stackeye-cli/internal/cmd/admin_worker_key_health.go:22.50,46.55 1 1
github.com/StackEye-IO/stackeye-cli/internal/cmd/admin_worker_key_health.go:46.55,48.4 1 0
github.com/StackEye-IO/stackeye-cli/internal/cmd/admin_worker_key_health.go:52.2,54.12 2 1
github.com/StackEye-IO/stackeye-cli/internal/cmd/admin_worker_key_health.go:58.57,61.16 2 0
github.com/StackEye-IO/stackeye-cli/internal/cmd/admin_worker_key_health.go:61.16,63.3 1 0
github.com/StackEye-IO/stackeye-cli/internal/cmd/admin_worker_key_health.go:66.2,67.34 2 0
github.com/StackEye-IO/stackeye-cli/internal/cmd/admin_worker_key_health.go:67.34,71.3 1 0
github.com/StackEye-IO/stackeye-cli/internal/cmd/admin_worker_key_health.go:74.2,78.16 4 0
github.com/StackEye-IO/stackeye-cli/internal/cmd/admin_worker_key_health.go:78.16,80.3 1 0
github.com/StackEye-IO/stackeye-cli/internal/cmd/admin_worker_key_health.go:83.2,84.42 2 0
github.com/StackEye-IO/stackeye-cli/internal/cmd/admin_worker_key_health.go:84.42,85.39 1 0
github.com/StackEye-IO/stackeye-cli/internal/cmd/admin_worker_key_health.go:86.23,87.33 1 0
github.com/StackEye-IO/stackeye-cli/internal/cmd/admin_worker_key_health.go:92.2,93.12 2 0
github.com/StackEye-IO/stackeye-cli/internal/cmd/admin_worker_key_health.go:97.60,115.36 14 0
github.com/StackEye-IO/stackeye-cli/internal/cmd/admin_worker_key_health.go:115.36,118.43 3 0
github.com/StackEye-IO/stackeye-cli/internal/cmd/admin_worker_key_health.go:118.43,124.4 2 0
github.com/StackEye-IO/stackeye-cli/internal/cmd/admin_worker_key_health.go:125.3,126.16 2 0
github.com/StackEye-IO/stackeye-cli/internal/cmd/admin_worker_key_health.go:130.2,130.34 1 0
github.com/StackEye-IO/stackeye-cli/internal/cmd/admin_worker_key_health.go:130.34,133.41 3 0
github.com/StackEye-IO/stackeye-cli/internal/cmd/admin_worker_key_health.go:133.41,139.4 2 0
github.com/StackEye-IO/stackeye-cli/internal/cmd/admin_worker_key_health.go:140.3,141.16 2 0
github.com/StackEye-IO/stackeye-cli/internal/cmd/admin_worker_key_health.go:145.2,145.54 1 0
github.com/StackEye-IO/stackeye-cli/internal/cmd/admin_worker_key_health.go:145.54,147.3 1 0
github.com/StackEye-IO/stackeye-cli/internal/cmd/admin_worker_key_health.go:147.8,147.34 1 0
github.com/StackEye-IO/stackeye-cli/internal/cmd/admin_worker_key_health.go:147.34,149.3 1 0
github.com/StackEye-IO/stackeye-cli/internal/cmd/admin_worker_key_health.go:149.8,149.36 1 0
github.com/StackEye-IO/stackeye-cli/internal/cmd/admin_worker_key_health.go:149.36,151.3 1 0
github.com/StackEye-IO/stackeye-cli/internal/cmd/admin_worker_key_health.go:152.2,152.15 1 0
github.com/StackEye-IO/stackeye-cli/internal/cmd/admin_worker_key_health.go:156.48,157.16 1 0
github.com/StackEye-IO/stackeye-cli/internal/cmd/admin_worker_key_health.go:157.16,159.3 1 0
github.com/StackEye-IO/stackeye-cli/internal/cmd/admin_worker_key_health.go:160.2,160.33 1 0
github.com/StackEye-IO/stackeye-cli/internal/cmd/admin_worker_key_health.go:164.48,165.14 1 0
github.com/StackEye-IO/stackeye-cli/internal/cmd/admin_worker_key_health.go:165.14,167.3 1 0
github.com/StackEye-IO/stackeye-cli/internal/cmd/admin_worker_key_health.go:168.2,168.16 1 0
github.com/StackEye-IO/stackeye-cli/internal/cmd/admin_worker_key_health.go:168.16,170.3 1 0
github.com/StackEye-IO/stackeye-cli/internal/cmd/admin_worker_key_health.go:173.2,174.9 2 0
github.com/StackEye-IO/stackeye-cli/internal/cmd/admin_worker_key_health.go:175.27,176.20 1 0
github.com/StackEye-IO/stackeye-cli/internal/cmd/admin_worker_key_health.go:177.25,179.16 2 0
github.com/StackEye-IO/stackeye-cli/internal/cmd/admin_worker_key_health.go:179.16,181.4 1 0
github.com/StackEye-IO/stackeye-cli/internal/cmd/admin_worker_key_health.go:182.3,182.42 1 0
github.com/StackEye-IO/stackeye-cli/internal/cmd/admin_worker_key_health.go:183.28,185.17 2 0
github.com/StackEye-IO/stackeye-cli/internal/cmd/admin_worker_key_health.go:185.17,187.4 1 0
github.com/StackEye-IO/stackeye-cli/internal/cmd/admin_worker_key_health.go:188.3,188.44 1 0
github.com/StackEye-IO/stackeye-cli/internal/cmd/admin_worker_key_health.go:189.10,191.16 2 0
github.com/StackEye-IO/stackeye-cli/internal/cmd/admin_worker_key_health.go:191.16,193.4 1 0
github.com/StackEye-IO/stackeye-cli/internal/cmd/admin_worker_key_health.go:194.3,194.42 1 0
github.com/StackEye-IO/stackeye-cli/internal/cmd/admin_worker_key_health.go:199.55,200.22 1 0
github.com/StackEye-IO/stackeye-cli/internal/cmd/admin_worker_key_health.go:200.22,202.3 1 0
github.com/StackEye-IO/stackeye-cli/internal/cmd/admin_worker_key_health.go:203.2,203.17 1 0
github.com/StackEye-IO/stackeye-cli/internal/cmd/admin_worker_key_health.go:203.17,205.3 1 0
github.com/StackEye-IO/stackeye-cli/internal/cmd/admin_worker_key_health.go:206.2,206.29 1 0
github.com/StackEye-IO/stackeye-cli/internal/cmd/alert.go:8.35,63.2 8 1
github.com/StackEye-IO/stackeye-cli/internal/cmd/alert_ack.go:46.38,83.55 2 1
github.com/StackEye-IO/stackeye-cli/internal/cmd/alert_ack.go:83.55,85.4 1 0
github.com/StackEye-IO/stackeye-cli/internal/cmd/alert_ack.go:89.2,91.12 2 1
github.com/StackEye-IO/stackeye-cli/internal/cmd/alert_ack.go:95.84,98.31 2 0
github.com/StackEye-IO/stackeye-cli/internal/cmd/alert_ack.go:98.31,100.17 2 0
github.com/StackEye-IO/stackeye-cli/internal/cmd/alert_ack.go:100.17,102.4 1 0
github.com/StackEye-IO/stackeye-cli/internal/cmd/alert_ack.go:103.3,103.39 1 0
github.com/StackEye-IO/stackeye-cli/internal/cmd/alert_ack.go:107.2,108.16 2 0
github.com/StackEye-IO/stackeye-cli/internal/cmd/alert_ack.go:108.16,110.3 1 0
github.com/StackEye-IO/stackeye-cli/internal/cmd/alert_ack.go:113.2,114.25 2 0
github.com/StackEye-IO/stackeye-cli/internal/cmd/alert_ack.go:114.25,118.3 1 0
github.com/StackEye-IO/stackeye-cli/internal/cmd/alert_ack.go:121.2,121.24 1 0
github.com/StackEye-IO/stackeye-cli/internal/cmd/alert_ack.go:121.24,123.3 1 0
github.com/StackEye-IO/stackeye-cli/internal/cmd/alert_ack.go:126.2,126.56 1 0
github.com/StackEye-IO/stackeye-cli/internal/cmd/alert_ack.go:130.149,136.16 4 0
github.com/StackEye-IO/stackeye-cli/internal/cmd/alert_ack.go:136.16,138.3 1 0
github.com/StackEye-IO/stackeye-cli/internal/cmd/alert_ack.go:141.2,141.18 1 0
github.com/StackEye-IO/stackeye-cli/internal/cmd/alert_ack.go:141.18,143.3 1 0
github.com/StackEye-IO/stackeye-cli/internal/cmd/alert_ack.go:146.2,152.31 2 0
github.com/StackEye-IO/stackeye-cli/internal/cmd/alert_ack.go:156.135,164.35 2 0
github.com/StackEye-IO/stackeye-cli/internal/cmd/alert_ack.go:164.35,170.17 4 0
github.com/StackEye-IO/stackeye-cli/internal/cmd/alert_ack.go:170.17,175.12 2 0
github.com/StackEye-IO/stackeye-cli/internal/cmd/alert_ack.go:178.3,178.19 1 0
github.com/StackEye-IO/stackeye-cli/internal/cmd/alert_ack.go:178.19,183.12 2 0
github.com/StackEye-IO/stackeye-cli/internal/cmd/alert_ack.go:186.3,186.63 1 0
github.com/StackEye-IO/stackeye-cli/internal/cmd/alert_ack.go:190.2,194.47 3 0
github.com/StackEye-IO/stackeye-cli/internal/cmd/alert_ack.go:194.47,196.3 1 0
github.com/StackEye-IO/stackeye-cli/internal/cmd/alert_ack.go:199.2,199.30 1 0
github.com/StackEye-IO/stackeye-cli/internal/cmd/alert_ack.go:199.30,201.3 1 0
github.com/StackEye-IO/stackeye-cli/internal/cmd/alert_ack.go:203.2,203.12 1 0
github.com/StackEye-IO/stackeye-cli/internal/cmd/alert_get.go:31.38,68.55 2 1
github.com/StackEye-IO/stackeye-cli/internal/cmd/alert_get.go:68.55,70.4 1 0
github.com/StackEye-IO/stackeye-cli/internal/cmd/alert_get.go:74.2,76.12 2 1
github.com/StackEye-IO/stackeye-cli/internal/cmd/alert_get.go:80.81,83.16 2 0
github.com/StackEye-IO/stackeye-cli/internal/cmd/alert_get.go:83.16,85.3 1 0
github.com/StackEye-IO/stackeye-cli/internal/cmd/alert_get.go:88.2,89.16 2 0
github.com/StackEye-IO/stackeye-cli/internal/cmd/alert_get.go:89.16,91.3 1 0
github.com/StackEye-IO/stackeye-cli/internal/cmd/alert_get.go:94.2,98.16 4 0
github.com/StackEye-IO/stackeye-cli/internal/cmd/alert_get.go:98.16,100.3 1 0
github.com/StackEye-IO/stackeye-cli/internal/cmd/alert_get.go:103.2,103.18 1 0
github.com/StackEye-IO/stackeye-cli/internal/cmd/alert_get.go:103.18,105.3 1 0
github.com/StackEye-IO/stackeye-cli/internal/cmd/alert_get.go:108.2,109.20 2 0
github.com/StackEye-IO/stackeye-cli/internal/cmd/alert_get.go:109.20,114.17 4 0
github.com/StackEye-IO/stackeye-cli/internal/cmd/alert_get.go:114.17,116.4 1 0
github.com/StackEye-IO/stackeye-cli/internal/cmd/alert_get.go:120.2,126.31 2 0
github.com/StackEye-IO/stackeye-cli/internal/cmd/alert_history.go:30.42,69.55 2 1
github.com/StackEye-IO/stackeye-cli/internal/cmd/alert_history.go:69.55,71.4 1 0
github.com/StackEye-IO/stackeye-cli/internal/cmd/alert_history.go:75.2,81.12 6 1
github.com/StackEye-IO/stackeye-cli/internal/cmd/alert_history.go:86.54,87.17 1 0
github.com/StackEye-IO/stackeye-cli/internal/cmd/alert_history.go:87.17,89.3 1 0
github.com/StackEye-IO/stackeye-cli/internal/cmd/alert_history.go:92.2,92.60 1 0
github.com/StackEye-IO/stackeye-cli/internal/cmd/alert_history.go:92.60,96.29 3 0
github.com/StackEye-IO/stackeye-cli/internal/cmd/alert_history.go:96.29,98.4 1 0
github.com/StackEye-IO/stackeye-cli/internal/cmd/alert_history.go:99.3,101.17 3 0
github.com/StackEye-IO/stackeye-cli/internal/cmd/alert_history.go:104.2,104.35 1 0
github.com/StackEye-IO/stackeye-cli/internal/cmd/alert_history.go:104.35,106.17 2 0
github.com/StackEye-IO/stackeye-cli/internal/cmd/alert_history.go:106.17,108.4 1 0
github.com/StackEye-IO/stackeye-cli/internal/cmd/alert_history.go:109.3,109.19 1 0
github.com/StackEye-IO/stackeye-cli/internal/cmd/alert_history.go:109.19,111.4 1 0
github.com/StackEye-IO/stackeye-cli/internal/cmd/alert_history.go:112.3,113.17 2 0
github.com/StackEye-IO/stackeye-cli/internal/cmd/alert_history.go:117.2,118.16 2 0
github.com/StackEye-IO/stackeye-cli/internal/cmd/alert_history.go:118.16,120.3 1 0
github.com/StackEye-IO/stackeye-cli/internal/cmd/alert_history.go:122.2,122.16 1 0
github.com/StackEye-IO/stackeye-cli/internal/cmd/alert_history.go:126.75,128.42 1 0
github.com/StackEye-IO/stackeye-cli/internal/cmd/alert_history.go:128.42,130.3 1 0
github.com/StackEye-IO/stackeye-cli/internal/cmd/alert_history.go:132.2,132.20 1 0
github.com/StackEye-IO/stackeye-cli/internal/cmd/alert_history.go:132.20,134.3 1 0
github.com/StackEye-IO/stackeye-cli/internal/cmd/alert_history.go:136.2,137.25 2 0
github.com/StackEye-IO/stackeye-cli/internal/cmd/alert_history.go:137.25,139.17 2 0
github.com/StackEye-IO/stackeye-cli/internal/cmd/alert_history.go:139.17,141.4 1 0
github.com/StackEye-IO/stackeye-cli/internal/cmd/alert_history.go:142.3,142.20 1 0
github.com/StackEye-IO/stackeye-cli/internal/cmd/alert_history.go:145.2,146.16 2 0
github.com/StackEye-IO/stackeye-cli/internal/cmd/alert_history.go:146.16,148.3 1 0
github.com/StackEye-IO/stackeye-cli/internal/cmd/alert_history.go:150.2,151.16 2 0
github.com/StackEye-IO/stackeye-cli/internal/cmd/alert_history.go:151.16,153.3 1 0
github.com/StackEye-IO/stackeye-cli/internal/cmd/alert_history.go:156.2,156.42 1 0
github.com/StackEye-IO/stackeye-cli/internal/cmd/alert_history.go:156.42,157.34 1 0
github.com/StackEye-IO/stackeye-cli/internal/cmd/alert_history.go:157.34,160.4 1 0
github.com/StackEye-IO/stackeye-cli/internal/cmd/alert_history.go:164.2,165.16 2 0
github.com/StackEye-IO/stackeye-cli/internal/cmd/alert_history.go:165.16,167.3 1 0
github.com/StackEye-IO/stackeye-cli/internal/cmd/alert_history.go:171.2,186.16 6 0
github.com/StackEye-IO/stackeye-cli/internal/cmd/alert_history.go:186.16,188.3 1 0
github.com/StackEye-IO/stackeye-cli/internal/cmd/alert_history.go:191.2,191.29 1 0
github.com/StackEye-IO/stackeye-cli/internal/cmd/alert_history.go:191.29,193.3 1 0
github.com/StackEye-IO/stackeye-cli/internal/cmd/alert_history.go:196.2,196.36 1 0
github.com/StackEye-IO/stackeye-cli/internal/cmd/alert_list.go:29.39,69.55 2 1
github.com/StackEye-IO/stackeye-cli/internal/cmd/alert_list.go:69.55,71.4 1 0
github.com/StackEye-IO/stackeye-cli/internal/cmd/alert_list.go:75.2,81.12 6 1
github.com/StackEye-IO/stackeye-cli/internal/cmd/alert_list.go:85.69,87.42 1 0
github.com/StackEye-IO/stackeye-cli/internal/cmd/alert_list.go:87.42,89.3 1 0
github.com/StackEye-IO/stackeye-cli/internal/cmd/alert_list.go:91.2,91.20 1 0
github.com/StackEye-IO/stackeye-cli/internal/cmd/alert_list.go:91.20,93.3 1 0
github.com/StackEye-IO/stackeye-cli/internal/cmd/alert_list.go:95.2,96.24 2 0
github.com/StackEye-IO/stackeye-cli/internal/cmd/alert_list.go:96.24,97.23 1 0
github.com/StackEye-IO/stackeye-cli/internal/cmd/alert_list.go:98.17,99.42 1 0
github.com/StackEye-IO/stackeye-cli/internal/cmd/alert_list.go:100.23,101.48 1 0
github.com/StackEye-IO/stackeye-cli/internal/cmd/alert_list.go:102.19,103.44 1 0
github.com/StackEye-IO/stackeye-cli/internal/cmd/alert_list.go:104.11,105.99 1 0
github.com/StackEye-IO/stackeye-cli/internal/cmd/alert_list.go:109.2,110.26 2 0
github.com/StackEye-IO/stackeye-cli/internal/cmd/alert_list.go:110.26,111.25 1 0
github.com/StackEye-IO/stackeye-cli/internal/cmd/alert_list.go:112.19,113.48 1 0
github.com/StackEye-IO/stackeye-cli/internal/cmd/alert_list.go:114.18,115.47 1 0
github.com/StackEye-IO/stackeye-cli/internal/cmd/alert_list.go:116.15,117.44 1 0
github.com/StackEye-IO/stackeye-cli/internal/cmd/alert_list.go:118.11,119.96 1 0
github.com/StackEye-IO/stackeye-cli/internal/cmd/alert_list.go:123.2,124.25 2 0
github.com/StackEye-IO/stackeye-cli/internal/cmd/alert_list.go:124.25,126.17 2 0
github.com/StackEye-IO/stackeye-cli/internal/cmd/alert_list.go:126.17,128.4 1 0
github.com/StackEye-IO/stackeye-cli/internal/cmd/alert_list.go:129.3,129.20 1 0
github.com/StackEye-IO/stackeye-cli/internal/cmd/alert_list.go:133.2,134.16 2 0
github.com/StackEye-IO/stackeye-cli/internal/cmd/alert_list.go:134.16,136.3 1 0
github.com/StackEye-IO/stackeye-cli/internal/cmd/alert_list.go:140.2,154.16 6 0
github.com/StackEye-IO/stackeye-cli/internal/cmd/alert_list.go:154.16,156.3 1 0
github.com/StackEye-IO/stackeye-cli/internal/cmd/alert_list.go:159.2,159.29 1 0
github.com/StackEye-IO/stackeye-cli/internal/cmd/alert_list.go:159.29,161.3 1 0
github.com/StackEye-IO/stackeye-cli/internal/cmd/alert_list.go:164.2,164.42 1 0
github.com/StackEye-IO/stackeye-cli/internal/cmd/alert_resolve.go:46.42,83.55 2 1
github.com/StackEye-IO/stackeye-cli/internal/cmd/alert_resolve.go:83.55,85.4 1 0
github.com/StackEye-IO/stackeye-cli/internal/cmd/alert_resolve.go:89.2,91.12 2 1
github.com/StackEye-IO/stackeye-cli/internal/cmd/alert_resolve.go:95.92,98.31 2 0
github.com/StackEye-IO/stackeye-cli/internal/cmd/alert_resolve.go:98.31,100.17 2 0
github.com/StackEye-IO/stackeye-cli/internal/cmd/alert_resolve.go:100.17,102.4 1 0
github.com/StackEye-IO/stackeye-cli/internal/cmd/alert_resolve.go:103.3,103.39 1 0
github.com/StackEye-IO/stackeye-cli/internal/cmd/alert_resolve.go:107.2,108.16 2 0
github.com/StackEye-IO/stackeye-cli/internal/cmd/alert_resolve.go:108.16,110.3 1 0
github.com/StackEye-IO/stackeye-cli/internal/cmd/alert_resolve.go:113.2,114.25 2 0
github.com/StackEye-IO/stackeye-cli/internal/cmd/alert_resolve.go:114.25,118.3 1 0
github.com/StackEye-IO/stackeye-cli/internal/cmd/alert_resolve.go:121.2,121.24 1 0
github.com/StackEye-IO/stackeye-cli/internal/cmd/alert_resolve.go:121.24,123.3 1 0
github.com/StackEye-IO/stackeye-cli/internal/cmd/alert_resolve.go:126.2,126.60 1 0
github.com/StackEye-IO/stackeye-cli/internal/cmd/alert_resolve.go:130.149,136.16 4 0
github.com/StackEye-IO/stackeye-cli/internal/cmd/alert_resolve.go:136.16,138.3 1 0
github.com/StackEye-IO/stackeye-cli/internal/cmd/alert_resolve.go:141.2,141.18 1 0
github.com/StackEye-IO/stackeye-cli/internal/cmd/alert_resolve.go:141.18,143.3 1 0
github.com/StackEye-IO/stackeye-cli/internal/cmd/alert_resolve.go:146.2,152.31 2 0
github.com/StackEye-IO/stackeye-cli/internal/cmd/alert_resolve.go:156.135,164.35 2 0
github.com/StackEye-IO/stackeye-cli/internal/cmd/alert_resolve.go:164.35,170.17 4 0
github.com/StackEye-IO/stackeye-cli/internal/cmd/alert_resolve.go:170.17,175.12 2 0
github.com/StackEye-IO/stackeye-cli/internal/cmd/alert_resolve.go:178.3,178.19 1 0
github.com/StackEye-IO/stackeye-cli/internal/cmd/alert_resolve.go:178.19,183.12 2 0
github.com/StackEye-IO/stackeye-cli/internal/cmd/alert_resolve.go:186.3,186.55 1 0
github.com/StackEye-IO/stackeye-cli/internal/cmd/alert_resolve.go:190.2,194.47 3 0
github.com/StackEye-IO/stackeye-cli/internal/cmd/alert_resolve.go:194.47,196.3 1 0
github.com/StackEye-IO/stackeye-cli/internal/cmd/alert_resolve.go:199.2,199.30 1 0
github.com/StackEye-IO/stackeye-cli/internal/cmd/alert_resolve.go:199.30,201.3 1 0
github.com/StackEye-IO/stackeye-cli/internal/cmd/alert_resolve.go:203.2,203.12 1 0
github.com/StackEye-IO/stackeye-cli/internal/cmd/alert_stats.go:24.40,62.55 2 1
github.com/StackEye-IO/stackeye-cli/internal/cmd/alert_stats.go:62.55,64.4 1 0
github.com/StackEye-IO/stackeye-cli/internal/cmd/alert_stats.go:68.2,70.12 2 1
github.com/StackEye-IO/stackeye-cli/internal/cmd/alert_stats.go:74.71,76.22 1 0
github.com/StackEye-IO/stackeye-cli/internal/cmd/alert_stats.go:77.26,77.26 0 0
github.com/StackEye-IO/stackeye-cli/internal/cmd/alert_stats.go:79.10,80.80 1 0
github.com/StackEye-IO/stackeye-cli/internal/cmd/alert_stats.go:84.2,85.16 2 0
github.com/StackEye-IO/stackeye-cli/internal/cmd/alert_stats.go:85.16,87.3 1 0
github.com/StackEye-IO/stackeye-cli/internal/cmd/alert_stats.go:90.2,94.16 4 0
github.com/StackEye-IO/stackeye-cli/internal/cmd/alert_stats.go:94.16,96.3 1 0
github.com/StackEye-IO/stackeye-cli/internal/cmd/alert_stats.go:99.2,99.38 1 0
github.com/StackEye-IO/stackeye-cli/internal/cmd/apikey.go:8.36,64.2 5 1
github.com/StackEye-IO/stackeye-cli/internal/cmd/apikey_create.go:27.42,66.55 2 1
github.com/StackEye-IO/stackeye-cli/internal/cmd/apikey_create.go:66.55,68.4 1 0
github.com/StackEye-IO/stackeye-cli/internal/cmd/apikey_create.go:72.2,73.53 2 1
github.com/StackEye-IO/stackeye-cli/internal/cmd/apikey_create.go:73.53,75.70 1 0
github.com/StackEye-IO/stackeye-cli/internal/cmd/apikey_create.go:79.2,82.12 3 1
github.com/StackEye-IO/stackeye-cli/internal/cmd/apikey_create.go:86.75,94.27 2 0
github.com/StackEye-IO/stackeye-cli/internal/cmd/apikey_create.go:94.27,96.17 2 0
github.com/StackEye-IO/stackeye-cli/internal/cmd/apikey_create.go:96.17,98.4 1 0
github.com/StackEye-IO/stackeye-cli/internal/cmd/apikey_create.go:99.3,100.29 2 0
github.com/StackEye-IO/stackeye-cli/internal/cmd/apikey_create.go:104.2,105.16 2 0
github.com/StackEye-IO/stackeye-cli/internal/cmd/apikey_create.go:105.16,107.3 1 0
github.com/StackEye-IO/stackeye-cli/internal/cmd/apikey_create.go:110.2,114.16 4 0
github.com/StackEye-IO/stackeye-cli/internal/cmd/apikey_create.go:114.16,116.3 1 0
github.com/StackEye-IO/stackeye-cli/internal/cmd/apikey_create.go:119.2,119.35 1 0
github.com/StackEye-IO/stackeye-cli/internal/cmd/apikey_create.go:123.53,124.16 1 0
github.com/StackEye-IO/stackeye-cli/internal/cmd/apikey_create.go:124.16,126.3 1 0
github.com/StackEye-IO/stackeye-cli/internal/cmd/apikey_create.go:129.2,132.16 4 0
github.com/StackEye-IO/stackeye-cli/internal/cmd/apikey_create.go:132.16,134.3 1 0
github.com/StackEye-IO/stackeye-cli/internal/cmd/apikey_create.go:136.2,136.14 1 0
github.com/StackEye-IO/stackeye-cli/internal/cmd/apikey_create.go:136.14,138.3 1 0
github.com/StackEye-IO/stackeye-cli/internal/cmd/apikey_create.go:141.2,141.14 1 0
github.com/StackEye-IO/stackeye-cli/internal/cmd/apikey_create.go:142.11,143.50 1 0
github.com/StackEye-IO/stackeye-cli/internal/cmd/apikey_create.go:144.11,145.54 1 0
github.com/StackEye-IO/stackeye-cli/internal/cmd/apikey_create.go:146.11,148.55 1 0
github.com/StackEye-IO/stackeye-cli/internal/cmd/apikey_create.go:149.11,151.56 1 0
github.com/StackEye-IO/stackeye-cli/internal/cmd/apikey_create.go:152.10,153.99 1 0
github.com/StackEye-IO/stackeye-cli/internal/cmd/apikey_create.go:158.50,159.22 1 0
github.com/StackEye-IO/stackeye-cli/internal/cmd/apikey_create.go:159.22,161.3 1 0
github.com/StackEye-IO/stackeye-cli/internal/cmd/apikey_create.go:162.2,162.17 1 0
github.com/StackEye-IO/stackeye-cli/internal/cmd/apikey_create.go:162.17,164.3 1 0
github.com/StackEye-IO/stackeye-cli/internal/cmd/apikey_create.go:165.2,165.29 1 0
github.com/StackEye-IO/stackeye-cli/internal/cmd/apikey_create.go:169.65,174.70 3 0
github.com/StackEye-IO/stackeye-cli/internal/cmd/apikey_create.go:174.70,176.3 1 0
github.com/StackEye-IO/stackeye-cli/internal/cmd/apikey_create.go:180.2,197.12 17 0
github.com/StackEye-IO/stackeye-cli/internal/cmd/apikey_delete.go:26.42,54.55 2 1
github.com/StackEye-IO/stackeye-cli/internal/cmd/apikey_delete.go:54.55,56.4 1 0
github.com/StackEye-IO/stackeye-cli/internal/cmd/apikey_delete.go:59.2,61.12 2 1
github.com/StackEye-IO/stackeye-cli/internal/cmd/apikey_delete.go:65.89,68.16 2 0
github.com/StackEye-IO/stackeye-cli/internal/cmd/apikey_delete.go:68.16,70.3 1 0
github.com/StackEye-IO/stackeye-cli/internal/cmd/apikey_delete.go:73.2,74.16 2 0
github.com/StackEye-IO/stackeye-cli/internal/cmd/apikey_delete.go:74.16,76.3 1 0
github.com/StackEye-IO/stackeye-cli/internal/cmd/apikey_delete.go:79.2,82.16 4 0
github.com/StackEye-IO/stackeye-cli/internal/cmd/apikey_delete.go:82.16,84.3 1 0
github.com/StackEye-IO/stackeye-cli/internal/cmd/apikey_delete.go:87.2,87.19 1 0
github.com/StackEye-IO/stackeye-cli/internal/cmd/apikey_delete.go:87.19,89.3 1 0
github.com/StackEye-IO/stackeye-cli/internal/cmd/apikey_delete.go:92.2,92.33 1 0
github.com/StackEye-IO/stackeye-cli/internal/cmd/apikey_delete.go:92.33,100.17 3 0
github.com/StackEye-IO/stackeye-cli/internal/cmd/apikey_delete.go:100.17,101.54 1 0
github.com/StackEye-IO/stackeye-cli/internal/cmd/apikey_delete.go:101.54,103.5 1 0
github.com/StackEye-IO/stackeye-cli/internal/cmd/apikey_delete.go:104.4,104.67 1 0
github.com/StackEye-IO/stackeye-cli/internal/cmd/apikey_delete.go:107.3,107.17 1 0
github.com/StackEye-IO/stackeye-cli/internal/cmd/apikey_delete.go:107.17,110.4 2 0
github.com/StackEye-IO/stackeye-cli/internal/cmd/apikey_delete.go:114.2,118.16 4 0
github.com/StackEye-IO/stackeye-cli/internal/cmd/apikey_delete.go:118.16,120.3 1 0
github.com/StackEye-IO/stackeye-cli/internal/cmd/apikey_delete.go:122.2,123.12 2 0
github.com/StackEye-IO/stackeye-cli/internal/cmd/apikey_list.go:19.40,42.55 1 1
github.com/StackEye-IO/stackeye-cli/internal/cmd/apikey_list.go:42.55,44.4 1 0
github.com/StackEye-IO/stackeye-cli/internal/cmd/apikey_list.go:47.2,47.12 1 1
github.com/StackEye-IO/stackeye-cli/internal/cmd/apikey_list.go:51.47,54.16 2 0
github.com/StackEye-IO/stackeye-cli/internal/cmd/apikey_list.go:54.16,56.3 1 0
github.com/StackEye-IO/stackeye-cli/internal/cmd/apikey_list.go:59.2,63.16 4 0
github.com/StackEye-IO/stackeye-cli/internal/cmd/apikey_list.go:63.16,65.3 1 0
github.com/StackEye-IO/stackeye-cli/internal/cmd/apikey_list.go:68.2,68.27 1 0
github.com/StackEye-IO/stackeye-cli/internal/cmd/apikey_list.go:68.27,70.3 1 0
github.com/StackEye-IO/stackeye-cli/internal/cmd/apikey_list.go:73.2,73.41 1 0
github.com/StackEye-IO/stackeye-cli/internal/cmd/billing.go:8.37,53.2 7 1
github.com/StackEye-IO/stackeye-cli/internal/cmd/billing_info.go:22.41,48.55 1 1
github.com/StackEye-IO/stackeye-cli/internal/cmd/billing_info.go:48.55,50.4 1 0
github.com/StackEye-IO/stackeye-cli/internal/cmd/billing_info.go:53.2,53.12 1 1
github.com/StackEye-IO/stackeye-cli/internal/cmd/billing_info.go:57.48,60.16 2 0
github.com/StackEye-IO/stackeye-cli/internal/cmd/billing_info.go:60.16,62.3 1 0
github.com/StackEye-IO/stackeye-cli/internal/cmd/billing_info.go:65.2,69.16 4 0
github.com/StackEye-IO/stackeye-cli/internal/cmd/billing_info.go:69.16,71.3 1 0
github.com/StackEye-IO/stackeye-cli/internal/cmd/billing_info.go:74.2,75.42 2 0
github.com/StackEye-IO/stackeye-cli/internal/cmd/billing_info.go:75.42,76.39 1 0
github.com/StackEye-IO/stackeye-cli/internal/cmd/billing_info.go:77.23,78.29 1 0
github.com/StackEye-IO/stackeye-cli/internal/cmd/billing_info.go:83.2,84.12 2 0
github.com/StackEye-IO/stackeye-cli/internal/cmd/billing_info.go:88.49,101.29 11 0
github.com/StackEye-IO/stackeye-cli/internal/cmd/billing_info.go:101.29,103.3 1 0
github.com/StackEye-IO/stackeye-cli/internal/cmd/billing_info.go:104.2,113.28 8 0
github.com/StackEye-IO/stackeye-cli/internal/cmd/billing_info.go:113.28,115.3 1 0
github.com/StackEye-IO/stackeye-cli/internal/cmd/billing_info.go:116.2,118.30 3 0
github.com/StackEye-IO/stackeye-cli/internal/cmd/billing_info.go:118.30,120.3 1 0
github.com/StackEye-IO/stackeye-cli/internal/cmd/billing_info.go:121.2,125.56 3 0
github.com/StackEye-IO/stackeye-cli/internal/cmd/billing_info.go:125.56,132.25 7 0
github.com/StackEye-IO/stackeye-cli/internal/cmd/billing_info.go:132.25,134.4 1 0
github.com/StackEye-IO/stackeye-cli/internal/cmd/billing_info.go:135.3,136.16 2 0
github.com/StackEye-IO/stackeye-cli/internal/cmd/billing_info.go:140.2,143.60 4 0
github.com/StackEye-IO/stackeye-cli/internal/cmd/billing_info.go:143.60,145.3 1 0
github.com/StackEye-IO/stackeye-cli/internal/cmd/billing_info.go:145.8,147.3 1 0
github.com/StackEye-IO/stackeye-cli/internal/cmd/billing_info.go:148.2,148.60 1 0
github.com/StackEye-IO/stackeye-cli/internal/cmd/billing_info.go:148.60,151.3 2 0
github.com/StackEye-IO/stackeye-cli/internal/cmd/billing_info.go:152.2,152.54 1 0
github.com/StackEye-IO/stackeye-cli/internal/cmd/billing_info.go:152.54,155.3 2 0
github.com/StackEye-IO/stackeye-cli/internal/cmd/billing_info.go:156.2,156.25 1 0
github.com/StackEye-IO/stackeye-cli/internal/cmd/billing_info.go:156.25,158.3 1 0
github.com/StackEye-IO/stackeye-cli/internal/cmd/billing_info.go:159.2,166.15 6 0
github.com/StackEye-IO/stackeye-cli/internal/cmd/billing_info.go:170.41,171.16 1 0
github.com/StackEye-IO/stackeye-cli/internal/cmd/billing_info.go:171.16,173.3 1 0
github.com/StackEye-IO/stackeye-cli/internal/cmd/billing_info.go:174.2,175.44 2 0
github.com/StackEye-IO/stackeye-cli/internal/cmd/billing_info.go:179.41,180.33 1 0
github.com/StackEye-IO/stackeye-cli/internal/cmd/billing_info.go:181.16,182.22 1 0
github.com/StackEye-IO/stackeye-cli/internal/cmd/billing_info.go:183.18,184.21 1 0
github.com/StackEye-IO/stackeye-cli/internal/cmd/billing_info.go:185.18,186.24 1 0
github.com/StackEye-IO/stackeye-cli/internal/cmd/billing_info.go:187.31,188.24 1 0
github.com/StackEye-IO/stackeye-cli/internal/cmd/billing_info.go:189.20,190.26 1 0
github.com/StackEye-IO/stackeye-cli/internal/cmd/billing_info.go:191.28,192.23 1 0
github.com/StackEye-IO/stackeye-cli/internal/cmd/billing_info.go:193.16,194.22 1 0
github.com/StackEye-IO/stackeye-cli/internal/cmd/billing_info.go:195.16,196.22 1 0
github.com/StackEye-IO/stackeye-cli/internal/cmd/billing_info.go:197.10,198.19 1 0
github.com/StackEye-IO/stackeye-cli/internal/cmd/billing_info.go:198.19,200.4 1 0
github.com/StackEye-IO/stackeye-cli/internal/cmd/billing_info.go:201.3,201.16 1 0
github.com/StackEye-IO/stackeye-cli/internal/cmd/billing_info.go:206.56,207.22 1 0
github.com/StackEye-IO/stackeye-cli/internal/cmd/billing_info.go:207.22,209.3 1 0
github.com/StackEye-IO/stackeye-cli/internal/cmd/billing_info.go:210.2,210.17 1 0
github.com/StackEye-IO/stackeye-cli/internal/cmd/billing_info.go:210.17,212.3 1 0
github.com/StackEye-IO/stackeye-cli/internal/cmd/billing_info.go:213.2,213.29 1 0
github.com/StackEye-IO/stackeye-cli/internal/cmd/billing_info.go:217.48,225.33 2 0
github.com/StackEye-IO/stackeye-cli/internal/cmd/billing_info.go:225.33,226.56 1 0
github.com/StackEye-IO/stackeye-cli/internal/cmd/billing_info.go:226.56,228.4 1 0
github.com/StackEye-IO/stackeye-cli/internal/cmd/billing_info.go:232.2,232.42 1 0
github.com/StackEye-IO/stackeye-cli/internal/cmd/billing_info.go:236.49,243.33 2 0
github.com/StackEye-IO/stackeye-cli/internal/cmd/billing_info.go:243.33,244.56 1 0
github.com/StackEye-IO/stackeye-cli/internal/cmd/billing_info.go:244.56,247.4 2 0
github.com/StackEye-IO/stackeye-cli/internal/cmd/billing_info.go:250.2,250.11 1 0
github.com/StackEye-IO/stackeye-cli/internal/cmd/billing_info.go:254.56,255.20 1 0
github.com/StackEye-IO/stackeye-cli/internal/cmd/billing_info.go:255.20,257.3 1 0
github.com/StackEye-IO/stackeye-cli/internal/cmd/billing_info.go:258.2,264.18 4 0
github.com/StackEye-IO/stackeye-cli/internal/cmd/billing_info.go:265.13,266.17 1 0
github.com/StackEye-IO/stackeye-cli/internal/cmd/billing_info.go:267.13,268.16 1 0
github.com/StackEye-IO/stackeye-cli/internal/cmd/billing_info.go:269.13,271.27 2 0
github.com/StackEye-IO/stackeye-cli/internal/cmd/billing_info.go:274.2,274.60 1 0
github.com/StackEye-IO/stackeye-cli/internal/cmd/billing_invoices.go:34.45,68.55 1 1
github.com/StackEye-IO/stackeye-cli/internal/cmd/billing_invoices.go:68.55,70.4 1 0
github.com/StackEye-IO/stackeye-cli/internal/cmd/billing_invoices.go:74.2,78.12 4 1
github.com/StackEye-IO/stackeye-cli/internal/cmd/billing_invoices.go:82.52,85.16 2 0
github.com/StackEye-IO/stackeye-cli/internal/cmd/billing_invoices.go:85.16,87.3 1 0
github.com/StackEye-IO/stackeye-cli/internal/cmd/billing_invoices.go:90.2,102.16 7 0
github.com/StackEye-IO/stackeye-cli/internal/cmd/billing_invoices.go:102.16,104.3 1 0
github.com/StackEye-IO/stackeye-cli/internal/cmd/billing_invoices.go:107.2,107.28 1 0
github.com/StackEye-IO/stackeye-cli/internal/cmd/billing_invoices.go:107.28,109.3 1 0
github.com/StackEye-IO/stackeye-cli/internal/cmd/billing_invoices.go:112.2,113.42 2 0
github.com/StackEye-IO/stackeye-cli/internal/cmd/billing_invoices.go:113.42,114.39 1 0
github.com/StackEye-IO/stackeye-cli/internal/cmd/billing_invoices.go:115.23,116.33 1 0
github.com/StackEye-IO/stackeye-cli/internal/cmd/billing_invoices.go:121.2,122.12 2 0
github.com/StackEye-IO/stackeye-cli/internal/cmd/billing_invoices.go:126.58,133.33 6 0
github.com/StackEye-IO/stackeye-cli/internal/cmd/billing_invoices.go:133.33,137.3 3 0
github.com/StackEye-IO/stackeye-cli/internal/cmd/billing_invoices.go:140.2,144.40 3 0
github.com/StackEye-IO/stackeye-cli/internal/cmd/billing_invoices.go:144.40,146.3 1 0
github.com/StackEye-IO/stackeye-cli/internal/cmd/billing_invoices.go:149.2,149.22 1 0
github.com/StackEye-IO/stackeye-cli/internal/cmd/billing_invoices.go:149.22,152.3 2 0
github.com/StackEye-IO/stackeye-cli/internal/cmd/billing_invoices.go:155.2,159.15 5 0
github.com/StackEye-IO/stackeye-cli/internal/cmd/billing_invoices.go:163.55,181.44 10 0
github.com/StackEye-IO/stackeye-cli/internal/cmd/billing_invoices.go:181.44,184.3 2 0
github.com/StackEye-IO/stackeye-cli/internal/cmd/billing_invoices.go:187.2,187.102 1 0
github.com/StackEye-IO/stackeye-cli/internal/cmd/billing_invoices.go:187.102,192.3 4 0
github.com/StackEye-IO/stackeye-cli/internal/cmd/billing_invoices.go:195.2,195.44 1 0
github.com/StackEye-IO/stackeye-cli/internal/cmd/billing_invoices.go:195.44,197.3 1 0
github.com/StackEye-IO/stackeye-cli/internal/cmd/billing_invoices.go:199.2,199.12 1 0
github.com/StackEye-IO/stackeye-cli/internal/cmd/billing_invoices.go:199.12,201.3 1 0
github.com/StackEye-IO/stackeye-cli/internal/cmd/billing_invoices.go:201.8,204.3 2 0
github.com/StackEye-IO/stackeye-cli/internal/cmd/billing_invoices.go:208.48,209.33 1 0
github.com/StackEye-IO/stackeye-cli/internal/cmd/billing_invoices.go:210.14,211.20 1 0
github.com/StackEye-IO/stackeye-cli/internal/cmd/billing_invoices.go:212.14,213.20 1 0
github.com/StackEye-IO/stackeye-cli/internal/cmd/billing_invoices.go:214.15,215.21 1 0
github.com/StackEye-IO/stackeye-cli/internal/cmd/billing_invoices.go:216.14,217.20 1 0
github.com/StackEye-IO/stackeye-cli/internal/cmd/billing_invoices.go:218.23,219.29 1 0
github.com/StackEye-IO/stackeye-cli/internal/cmd/billing_invoices.go:220.10,221.19 1 0
github.com/StackEye-IO/stackeye-cli/internal/cmd/billing_invoices.go:221.19,223.4 1 0
github.com/StackEye-IO/stackeye-cli/internal/cmd/billing_invoices.go:224.3,224.16 1 0
github.com/StackEye-IO/stackeye-cli/internal/cmd/billing_invoices.go:229.56,230.22 1 0
github.com/StackEye-IO/stackeye-cli/internal/cmd/billing_invoices.go:230.22,232.3 1 0
github.com/StackEye-IO/stackeye-cli/internal/cmd/billing_invoices.go:233.2,233.17 1 0
github.com/StackEye-IO/stackeye-cli/internal/cmd/billing_invoices.go:233.17,235.3 1 0
github.com/StackEye-IO/stackeye-cli/internal/cmd/billing_invoices.go:236.2,236.29 1 0
github.com/StackEye-IO/stackeye-cli/internal/cmd/billing_invoices.go:240.98,242.53 1 0
github.com/StackEye-IO/stackeye-cli/internal/cmd/billing_invoices.go:242.53,244.3 1 0
github.com/StackEye-IO/stackeye-cli/internal/cmd/billing_invoices.go:247.2,248.31 2 0
github.com/StackEye-IO/stackeye-cli/internal/cmd/billing_invoices.go:248.31,249.45 1 0
github.com/StackEye-IO/stackeye-cli/internal/cmd/billing_invoices.go:249.45,251.4 1 0
github.com/StackEye-IO/stackeye-cli/internal/cmd/billing_invoices.go:254.2,254.26 1 0
github.com/StackEye-IO/stackeye-cli/internal/cmd/billing_invoices.go:254.26,257.3 2 0
github.com/StackEye-IO/stackeye-cli/internal/cmd/billing_invoices.go:259.2,265.31 5 0
github.com/StackEye-IO/stackeye-cli/internal/cmd/billing_invoices.go:265.31,266.45 1 0
github.com/StackEye-IO/stackeye-cli/internal/cmd/billing_invoices.go:266.45,267.12 1 0
github.com/StackEye-IO/stackeye-cli/internal/cmd/billing_invoices.go:271.3,275.46 3 0
github.com/StackEye-IO/stackeye-cli/internal/cmd/billing_invoices.go:275.46,278.12 3 0
github.com/StackEye-IO/stackeye-cli/internal/cmd/billing_invoices.go:282.3,283.66 2 0
github.com/StackEye-IO/stackeye-cli/internal/cmd/billing_invoices.go:283.66,286.12 3 0
github.com/StackEye-IO/stackeye-cli/internal/cmd/billing_invoices.go:288.3,289.15 2 0
github.com/StackEye-IO/stackeye-cli/internal/cmd/billing_invoices.go:292.2,295.16 3 0
github.com/StackEye-IO/stackeye-cli/internal/cmd/billing_invoices.go:295.16,297.3 1 0
github.com/StackEye-IO/stackeye-cli/internal/cmd/billing_invoices.go:298.2,298.12 1 0
github.com/StackEye-IO/stackeye-cli/internal/cmd/billing_invoices.go:302.68,304.24 1 0
github.com/StackEye-IO/stackeye-cli/internal/cmd/billing_invoices.go:304.24,306.3 1 0
github.com/StackEye-IO/stackeye-cli/internal/cmd/billing_invoices.go:309.2,313.16 4 0
github.com/StackEye-IO/stackeye-cli/internal/cmd/billing_invoices.go:313.16,315.3 1 0
github.com/StackEye-IO/stackeye-cli/internal/cmd/billing_invoices.go:318.2,319.16 2 0
github.com/StackEye-IO/stackeye-cli/internal/cmd/billing_invoices.go:319.16,321.3 1 0
github.com/StackEye-IO/stackeye-cli/internal/cmd/billing_invoices.go:322.2,324.38 2 0
github.com/StackEye-IO/stackeye-cli/internal/cmd/billing_invoices.go:324.38,326.3 1 0
github.com/StackEye-IO/stackeye-cli/internal/cmd/billing_invoices.go:329.2,330.16 2 0
github.com/StackEye-IO/stackeye-cli/internal/cmd/billing_invoices.go:330.16,332.3 1 0
github.com/StackEye-IO/stackeye-cli/internal/cmd/billing_invoices.go:333.2,336.51 2 0
github.com/StackEye-IO/stackeye-cli/internal/cmd/billing_invoices.go:336.51,340.3 2 0
github.com/StackEye-IO/stackeye-cli/internal/cmd/billing_invoices.go:342.2,342.12 1 0
github.com/StackEye-IO/stackeye-cli/internal/cmd/billing_invoices.go:346.43,350.31 3 0
github.com/StackEye-IO/stackeye-cli/internal/cmd/billing_invoices.go:350.31,352.3 1 0
github.com/StackEye-IO/stackeye-cli/internal/cmd/billing_invoices.go:353.2,353.15 1 0
github.com/StackEye-IO/stackeye-cli/internal/cmd/billing_invoices.go:362.43,368.41 2 0
github.com/StackEye-IO/stackeye-cli/internal/cmd/billing_invoices.go:368.41,369.37 1 0
github.com/StackEye-IO/stackeye-cli/internal/cmd/billing_invoices.go:369.37,371.4 1 0
github.com/StackEye-IO/stackeye-cli/internal/cmd/billing_invoices.go:373.2,373.14 1 0
github.com/StackEye-IO/stackeye-cli/internal/cmd/billing_portal.go:29.43,53.55 1 1
github.com/StackEye-IO/stackeye-cli/internal/cmd/billing_portal.go:53.55,55.4 1 0
github.com/StackEye-IO/stackeye-cli/internal/cmd/billing_portal.go:59.2,61.12 2 1
github.com/StackEye-IO/stackeye-cli/internal/cmd/billing_portal.go:65.50,68.16 2 0
github.com/StackEye-IO/stackeye-cli/internal/cmd/billing_portal.go:68.16,70.3 1 0
github.com/StackEye-IO/stackeye-cli/internal/cmd/billing_portal.go:73.2,83.16 5 0
github.com/StackEye-IO/stackeye-cli/internal/cmd/billing_portal.go:83.16,85.3 1 0
github.com/StackEye-IO/stackeye-cli/internal/cmd/billing_portal.go:88.2,89.42 2 0
github.com/StackEye-IO/stackeye-cli/internal/cmd/billing_portal.go:89.42,90.39 1 0
github.com/StackEye-IO/stackeye-cli/internal/cmd/billing_portal.go:91.23,92.33 1 0
github.com/StackEye-IO/stackeye-cli/internal/cmd/billing_portal.go:97.2,97.25 1 0
github.com/StackEye-IO/stackeye-cli/internal/cmd/billing_portal.go:97.25,100.3 2 0
github.com/StackEye-IO/stackeye-cli/internal/cmd/billing_portal.go:103.2,107.59 4 0
github.com/StackEye-IO/stackeye-cli/internal/cmd/billing_portal.go:107.59,115.3 6 0
github.com/StackEye-IO/stackeye-cli/internal/cmd/billing_portal.go:117.2,123.12 6 0
github.com/StackEye-IO/stackeye-cli/internal/cmd/billing_status.go:20.43,45.55 1 1
github.com/StackEye-IO/stackeye-cli/internal/cmd/billing_status.go:45.55,47.4 1 0
github.com/StackEye-IO/stackeye-cli/internal/cmd/billing_status.go:50.2,50.12 1 1
github.com/StackEye-IO/stackeye-cli/internal/cmd/billing_status.go:54.50,57.16 2 0
github.com/StackEye-IO/stackeye-cli/internal/cmd/billing_status.go:57.16,59.3 1 0
github.com/StackEye-IO/stackeye-cli/internal/cmd/billing_status.go:62.2,66.16 4 0
github.com/StackEye-IO/stackeye-cli/internal/cmd/billing_status.go:66.16,68.3 1 0
github.com/StackEye-IO/stackeye-cli/internal/cmd/billing_status.go:71.2,72.42 2 0
github.com/StackEye-IO/stackeye-cli/internal/cmd/billing_status.go:72.42,73.39 1 0
github.com/StackEye-IO/stackeye-cli/internal/cmd/billing_status.go:74.23,75.31 1 0
github.com/StackEye-IO/stackeye-cli/internal/cmd/billing_status.go:80.2,81.12 2 0
github.com/StackEye-IO/stackeye-cli/internal/cmd/billing_status.go:85.55,102.2 16 0
github.com/StackEye-IO/stackeye-cli/internal/cmd/billing_status.go:105.53,106.33 1 0
github.com/StackEye-IO/stackeye-cli/internal/cmd/billing_status.go:107.16,108.22 1 0
github.com/StackEye-IO/stackeye-cli/internal/cmd/billing_status.go:109.18,110.21 1 0
github.com/StackEye-IO/stackeye-cli/internal/cmd/billing_status.go:111.18,112.24 1 0
github.com/StackEye-IO/stackeye-cli/internal/cmd/billing_status.go:113.31,114.24 1 0
github.com/StackEye-IO/stackeye-cli/internal/cmd/billing_status.go:115.20,116.26 1 0
github.com/StackEye-IO/stackeye-cli/internal/cmd/billing_status.go:117.28,118.23 1 0
github.com/StackEye-IO/stackeye-cli/internal/cmd/billing_status.go:119.16,120.22 1 0
github.com/StackEye-IO/stackeye-cli/internal/cmd/billing_status.go:121.16,122.22 1 0
github.com/StackEye-IO/stackeye-cli/internal/cmd/billing_status.go:123.18,124.20 1 0
github.com/StackEye-IO/stackeye-cli/internal/cmd/billing_status.go:125.10,126.16 1 0
github.com/StackEye-IO/stackeye-cli/internal/cmd/billing_status.go:131.50,132.17 1 0
github.com/StackEye-IO/stackeye-cli/internal/cmd/billing_status.go:132.17,134.3 1 0
github.com/StackEye-IO/stackeye-cli/internal/cmd/billing_status.go:135.2,135.25 1 0
github.com/StackEye-IO/stackeye-cli/internal/cmd/billing_usage.go:27.42,61.55 2 1
github.com/StackEye-IO/stackeye-cli/internal/cmd/billing_usage.go:61.55,63.4 1 0
github.com/StackEye-IO/stackeye-cli/internal/cmd/billing_usage.go:67.2,70.12 3 1
github.com/StackEye-IO/stackeye-cli/internal/cmd/billing_usage.go:75.75,78.16 2 0
github.com/StackEye-IO/stackeye-cli/internal/cmd/billing_usage.go:78.16,80.3 1 0
github.com/StackEye-IO/stackeye-cli/internal/cmd/billing_usage.go:83.2,87.23 3 0
github.com/StackEye-IO/stackeye-cli/internal/cmd/billing_usage.go:87.23,89.3 1 0
github.com/StackEye-IO/stackeye-cli/internal/cmd/billing_usage.go:92.2,93.24 2 0
github.com/StackEye-IO/stackeye-cli/internal/cmd/billing_usage.go:93.24,95.17 2 0
github.com/StackEye-IO/stackeye-cli/internal/cmd/billing_usage.go:95.17,97.4 1 0
github.com/StackEye-IO/stackeye-cli/internal/cmd/billing_usage.go:98.8,100.17 2 0
github.com/StackEye-IO/stackeye-cli/internal/cmd/billing_usage.go:100.17,102.4 1 0
github.com/StackEye-IO/stackeye-cli/internal/cmd/billing_usage.go:106.2,107.42 2 0
github.com/StackEye-IO/stackeye-cli/internal/cmd/billing_usage.go:107.42,108.39 1 0
github.com/StackEye-IO/stackeye-cli/internal/cmd/billing_usage.go:109.23,110.30 1 0
github.com/StackEye-IO/stackeye-cli/internal/cmd/billing_usage.go:115.2,116.12 2 0
github.com/StackEye-IO/stackeye-cli/internal/cmd/billing_usage.go:121.82,123.16 2 0
github.com/StackEye-IO/stackeye-cli/internal/cmd/billing_usage.go:123.16,125.3 1 0
github.com/StackEye-IO/stackeye-cli/internal/cmd/billing_usage.go:128.2,129.42 2 0
github.com/StackEye-IO/stackeye-cli/internal/cmd/billing_usage.go:129.42,130.39 1 0
github.com/StackEye-IO/stackeye-cli/internal/cmd/billing_usage.go:131.23,132.32 1 0
github.com/StackEye-IO/stackeye-cli/internal/cmd/billing_usage.go:137.2,138.12 2 0
github.com/StackEye-IO/stackeye-cli/internal/cmd/billing_usage.go:143.62,150.31 6 0
github.com/StackEye-IO/stackeye-cli/internal/cmd/billing_usage.go:150.31,156.3 5 0
github.com/StackEye-IO/stackeye-cli/internal/cmd/billing_usage.go:158.2,162.41 4 0
github.com/StackEye-IO/stackeye-cli/internal/cmd/billing_usage.go:162.41,175.3 5 0
github.com/StackEye-IO/stackeye-cli/internal/cmd/billing_usage.go:177.2,183.15 7 0
github.com/StackEye-IO/stackeye-cli/internal/cmd/billing_usage.go:187.53,189.16 2 0
github.com/StackEye-IO/stackeye-cli/internal/cmd/billing_usage.go:189.16,192.17 2 0
github.com/StackEye-IO/stackeye-cli/internal/cmd/billing_usage.go:192.17,194.4 1 0
github.com/StackEye-IO/stackeye-cli/internal/cmd/billing_usage.go:196.2,196.27 1 0
github.com/StackEye-IO/stackeye-cli/internal/cmd/billing_usage.go:200.46,226.27 22 0
github.com/StackEye-IO/stackeye-cli/internal/cmd/billing_usage.go:226.27,228.3 1 0
github.com/StackEye-IO/stackeye-cli/internal/cmd/billing_usage.go:229.2,240.23 10 0
github.com/StackEye-IO/stackeye-cli/internal/cmd/billing_usage.go:240.23,242.3 1 0
github.com/StackEye-IO/stackeye-cli/internal/cmd/billing_usage.go:243.2,259.15 13 0
github.com/StackEye-IO/stackeye-cli/internal/cmd/billing_usage.go:263.53,264.16 1 0
github.com/StackEye-IO/stackeye-cli/internal/cmd/billing_usage.go:264.16,266.3 1 0
github.com/StackEye-IO/stackeye-cli/internal/cmd/billing_usage.go:267.2,267.45 1 0
github.com/StackEye-IO/stackeye-cli/internal/cmd/billing_usage.go:272.56,273.15 1 0
github.com/StackEye-IO/stackeye-cli/internal/cmd/billing_usage.go:273.15,275.3 1 0
github.com/StackEye-IO/stackeye-cli/internal/cmd/billing_usage.go:276.2,278.19 2 0
github.com/StackEye-IO/stackeye-cli/internal/cmd/billing_usage.go:278.19,280.3 1 0
github.com/StackEye-IO/stackeye-cli/internal/cmd/billing_usage.go:281.2,281.17 1 0
github.com/StackEye-IO/stackeye-cli/internal/cmd/billing_usage.go:281.17,283.3 1 0
github.com/StackEye-IO/stackeye-cli/internal/cmd/billing_usage.go:285.2,289.19 3 0
github.com/StackEye-IO/stackeye-cli/internal/cmd/billing_usage.go:289.19,291.3 1 0
github.com/StackEye-IO/stackeye-cli/internal/cmd/billing_usage.go:293.2,296.35 3 0
github.com/StackEye-IO/stackeye-cli/internal/cmd/billing_usage.go:300.40,301.11 1 0
github.com/StackEye-IO/stackeye-cli/internal/cmd/billing_usage.go:301.11,303.3 1 0
github.com/StackEye-IO/stackeye-cli/internal/cmd/billing_usage.go:304.2,304.14 1 0
github.com/StackEye-IO/stackeye-cli/internal/cmd/billing_usage.go:304.14,306.3 1 0
github.com/StackEye-IO/stackeye-cli/internal/cmd/billing_usage.go:308.2,313.25 4 0
github.com/StackEye-IO/stackeye-cli/internal/cmd/billing_usage.go:313.25,314.33 1 0
github.com/StackEye-IO/stackeye-cli/internal/cmd/billing_usage.go:314.33,316.4 1 0
github.com/StackEye-IO/stackeye-cli/internal/cmd/billing_usage.go:317.3,317.23 1 0
github.com/StackEye-IO/stackeye-cli/internal/cmd/billing_usage.go:320.2,320.24 1 0
github.com/StackEye-IO/stackeye-cli/internal/cmd/billing_usage.go:324.43,325.21 1 0
github.com/StackEye-IO/stackeye-cli/internal/cmd/billing_usage.go:325.21,327.3 1 0
github.com/StackEye-IO/stackeye-cli/internal/cmd/billing_usage.go:328.2,328.46 1 0
github.com/StackEye-IO/stackeye-cli/internal/cmd/channel.go:8.37,80.2 8 1
github.com/StackEye-IO/stackeye-cli/internal/cmd/channel_create.go:77.43,142.55 2 1
github.com/StackEye-IO/stackeye-cli/internal/cmd/channel_create.go:142.55,144.4 1 0
github.com/StackEye-IO/stackeye-cli/internal/cmd/channel_create.go:148.2,165.12 13 1
github.com/StackEye-IO/stackeye-cli/internal/cmd/channel_create.go:169.77,174.26 3 0
github.com/StackEye-IO/stackeye-cli/internal/cmd/channel_create.go:174.26,176.17 2 0
github.com/StackEye-IO/stackeye-cli/internal/cmd/channel_create.go:176.17,178.4 1 0
github.com/StackEye-IO/stackeye-cli/internal/cmd/channel_create.go:179.8,182.17 2 0
github.com/StackEye-IO/stackeye-cli/internal/cmd/channel_create.go:182.17,184.4 1 0
github.com/StackEye-IO/stackeye-cli/internal/cmd/channel_create.go:188.2,189.16 2 0
github.com/StackEye-IO/stackeye-cli/internal/cmd/channel_create.go:189.16,191.3 1 0
github.com/StackEye-IO/stackeye-cli/internal/cmd/channel_create.go:194.2,198.16 4 0
github.com/StackEye-IO/stackeye-cli/internal/cmd/channel_create.go:198.16,200.3 1 0
github.com/StackEye-IO/stackeye-cli/internal/cmd/channel_create.go:203.2,203.30 1 0
github.com/StackEye-IO/stackeye-cli/internal/cmd/channel_create.go:207.93,209.22 1 0
github.com/StackEye-IO/stackeye-cli/internal/cmd/channel_create.go:209.22,211.3 1 0
github.com/StackEye-IO/stackeye-cli/internal/cmd/channel_create.go:212.2,212.29 1 0
github.com/StackEye-IO/stackeye-cli/internal/cmd/channel_create.go:212.29,214.3 1 0
github.com/StackEye-IO/stackeye-cli/internal/cmd/channel_create.go:217.2,218.57 2 0
github.com/StackEye-IO/stackeye-cli/internal/cmd/channel_create.go:218.57,220.3 1 0
github.com/StackEye-IO/stackeye-cli/internal/cmd/channel_create.go:223.2,224.16 2 0
github.com/StackEye-IO/stackeye-cli/internal/cmd/channel_create.go:224.16,226.3 1 0
github.com/StackEye-IO/stackeye-cli/internal/cmd/channel_create.go:228.2,235.17 2 0
github.com/StackEye-IO/stackeye-cli/internal/cmd/channel_create.go:239.82,241.16 2 0
github.com/StackEye-IO/stackeye-cli/internal/cmd/channel_create.go:241.16,243.3 1 0
github.com/StackEye-IO/stackeye-cli/internal/cmd/channel_create.go:245.2,246.51 2 0
github.com/StackEye-IO/stackeye-cli/internal/cmd/channel_create.go:246.51,248.3 1 0
github.com/StackEye-IO/stackeye-cli/internal/cmd/channel_create.go:251.2,251.20 1 0
github.com/StackEye-IO/stackeye-cli/internal/cmd/channel_create.go:251.20,253.3 1 0
github.com/StackEye-IO/stackeye-cli/internal/cmd/channel_create.go:254.2,254.20 1 0
github.com/StackEye-IO/stackeye-cli/internal/cmd/channel_create.go:254.20,256.3 1 0
github.com/StackEye-IO/stackeye-cli/internal/cmd/channel_create.go:259.2,260.57 2 0
github.com/StackEye-IO/stackeye-cli/internal/cmd/channel_create.go:260.57,262.3 1 0
github.com/StackEye-IO/stackeye-cli/internal/cmd/channel_create.go:265.2,266.16 2 0
github.com/StackEye-IO/stackeye-cli/internal/cmd/channel_create.go:266.16,268.3 1 0
github.com/StackEye-IO/stackeye-cli/internal/cmd/channel_create.go:270.2,277.17 2 0
github.com/StackEye-IO/stackeye-cli/internal/cmd/channel_create.go:281.54,291.15 2 0
github.com/StackEye-IO/stackeye-cli/internal/cmd/channel_create.go:291.15,293.3 1 0
github.com/StackEye-IO/stackeye-cli/internal/cmd/channel_create.go:294.2,294.12 1 0
github.com/StackEye-IO/stackeye-cli/internal/cmd/channel_create.go:298.99,299.11 1 0
github.com/StackEye-IO/stackeye-cli/internal/cmd/channel_create.go:300.31,301.39 1 0
github.com/StackEye-IO/stackeye-cli/internal/cmd/channel_create.go:302.31,303.44 1 0
github.com/StackEye-IO/stackeye-cli/internal/cmd/channel_create.go:304.33,305.68 1 0
github.com/StackEye-IO/stackeye-cli/internal/cmd/channel_create.go:306.35,307.64 1 0
github.com/StackEye-IO/stackeye-cli/internal/cmd/channel_create.go:308.33,309.46 1 0
github.com/StackEye-IO/stackeye-cli/internal/cmd/channel_create.go:310.31,311.44 1 0
github.com/StackEye-IO/stackeye-cli/internal/cmd/channel_create.go:312.29,313.43 1 0
github.com/StackEye-IO/stackeye-cli/internal/cmd/channel_create.go:314.10,315.60 1 0
github.com/StackEye-IO/stackeye-cli/internal/cmd/channel_create.go:320.104,321.11 1 0
github.com/StackEye-IO/stackeye-cli/internal/cmd/channel_create.go:322.31,323.46 1 0
github.com/StackEye-IO/stackeye-cli/internal/cmd/channel_create.go:324.31,325.49 1 0
github.com/StackEye-IO/stackeye-cli/internal/cmd/channel_create.go:326.33,327.91 1 0
github.com/StackEye-IO/stackeye-cli/internal/cmd/channel_create.go:328.35,329.74 1 0
github.com/StackEye-IO/stackeye-cli/internal/cmd/channel_create.go:330.33,331.51 1 0
github.com/StackEye-IO/stackeye-cli/internal/cmd/channel_create.go:332.31,333.49 1 0
github.com/StackEye-IO/stackeye-cli/internal/cmd/channel_create.go:334.29,335.48 1 0
github.com/StackEye-IO/stackeye-cli/internal/cmd/channel_create.go:336.10,337.60 1 0
github.com/StackEye-IO/stackeye-cli/internal/cmd/channel_create.go:342.62,343.17 1 0
github.com/StackEye-IO/stackeye-cli/internal/cmd/channel_create.go:343.17,345.3 1 0
github.com/StackEye-IO/stackeye-cli/internal/cmd/channel_create.go:346.2,346.52 1 0
github.com/StackEye-IO/stackeye-cli/internal/cmd/channel_create.go:346.52,348.3 1 0
github.com/StackEye-IO/stackeye-cli/internal/cmd/channel_create.go:349.2,349.37 1 0
github.com/StackEye-IO/stackeye-cli/internal/cmd/channel_create.go:353.67,354.22 1 0
github.com/StackEye-IO/stackeye-cli/internal/cmd/channel_create.go:354.22,356.3 1 0
github.com/StackEye-IO/stackeye-cli/internal/cmd/channel_create.go:357.2,357.64 1 0
github.com/StackEye-IO/stackeye-cli/internal/cmd/channel_create.go:357.64,359.3 1 0
github.com/StackEye-IO/stackeye-cli/internal/cmd/channel_create.go:360.2,360.42 1 0
github.com/StackEye-IO/stackeye-cli/internal/cmd/channel_create.go:364.90,365.22 1 0
github.com/StackEye-IO/stackeye-cli/internal/cmd/channel_create.go:365.22,367.3 1 0
github.com/StackEye-IO/stackeye-cli/internal/cmd/channel_create.go:368.2,368.52 1 0
github.com/StackEye-IO/stackeye-cli/internal/cmd/channel_create.go:368.52,370.3 1 0
github.com/StackEye-IO/stackeye-cli/internal/cmd/channel_create.go:373.2,374.54 2 0
github.com/StackEye-IO/stackeye-cli/internal/cmd/channel_create.go:374.54,376.3 1 0
github.com/StackEye-IO/stackeye-cli/internal/cmd/channel_create.go:379.2,380.23 2 0
github.com/StackEye-IO/stackeye-cli/internal/cmd/channel_create.go:380.23,381.71 1 0
github.com/StackEye-IO/stackeye-cli/internal/cmd/channel_create.go:381.71,383.4 1 0
github.com/StackEye-IO/stackeye-cli/internal/cmd/channel_create.go:386.2,386.61 1 0
github.com/StackEye-IO/stackeye-cli/internal/cmd/channel_create.go:390.112,391.22 1 0
github.com/StackEye-IO/stackeye-cli/internal/cmd/channel_create.go:391.22,393.3 1 0
github.com/StackEye-IO/stackeye-cli/internal/cmd/channel_create.go:394.2,394.52 1 0
github.com/StackEye-IO/stackeye-cli/internal/cmd/channel_create.go:394.52,396.3 1 0
github.com/StackEye-IO/stackeye-cli/internal/cmd/channel_create.go:399.2,399.18 1 0
github.com/StackEye-IO/stackeye-cli/internal/cmd/channel_create.go:399.18,401.3 1 0
github.com/StackEye-IO/stackeye-cli/internal/cmd/channel_create.go:402.2,403.54 2 0
github.com/StackEye-IO/stackeye-cli/internal/cmd/channel_create.go:403.54,405.3 1 0
github.com/StackEye-IO/stackeye-cli/internal/cmd/channel_create.go:407.2,407.61 1 0
github.com/StackEye-IO/stackeye-cli/internal/cmd/channel_create.go:411.81,412.22 1 0
github.com/StackEye-IO/stackeye-cli/internal/cmd/channel_create.go:412.22,414.3 1 0
github.com/StackEye-IO/stackeye-cli/internal/cmd/channel_create.go:415.2,415.60 1 0
github.com/StackEye-IO/stackeye-cli/internal/cmd/channel_create.go:415.60,417.3 1 0
github.com/StackEye-IO/stackeye-cli/internal/cmd/channel_create.go:418.2,418.56 1 0
github.com/StackEye-IO/stackeye-cli/internal/cmd/channel_create.go:422.69,423.22 1 0
github.com/StackEye-IO/stackeye-cli/internal/cmd/channel_create.go:423.22,425.3 1 0
github.com/StackEye-IO/stackeye-cli/internal/cmd/channel_create.go:426.2,426.66 1 0
github.com/StackEye-IO/stackeye-cli/internal/cmd/channel_create.go:426.66,428.3 1 0
github.com/StackEye-IO/stackeye-cli/internal/cmd/channel_create.go:429.2,429.44 1 0
github.com/StackEye-IO/stackeye-cli/internal/cmd/channel_create.go:433.67,434.22 1 0
github.com/StackEye-IO/stackeye-cli/internal/cmd/channel_create.go:434.22,436.3 1 0
github.com/StackEye-IO/stackeye-cli/internal/cmd/channel_create.go:437.2,437.64 1 0
github.com/StackEye-IO/stackeye-cli/internal/cmd/channel_create.go:437.64,439.3 1 0
github.com/StackEye-IO/stackeye-cli/internal/cmd/channel_create.go:440.2,440.42 1 0
github.com/StackEye-IO/stackeye-cli/internal/cmd/channel_create.go:444.66,445.23 1 0
github.com/StackEye-IO/stackeye-cli/internal/cmd/channel_create.go:445.23,447.3 1 0
github.com/StackEye-IO/stackeye-cli/internal/cmd/channel_create.go:448.2,448.57 1 0
github.com/StackEye-IO/stackeye-cli/internal/cmd/channel_create.go:448.57,450.3 1 0
github.com/StackEye-IO/stackeye-cli/internal/cmd/channel_create.go:451.2,451.41 1 0
github.com/StackEye-IO/stackeye-cli/internal/cmd/channel_create.go:455.43,457.16 2 0
github.com/StackEye-IO/stackeye-cli/internal/cmd/channel_create.go:457.16,459.3 1 0
github.com/StackEye-IO/stackeye-cli/internal/cmd/channel_create.go:460.2,460.57 1 0
github.com/StackEye-IO/stackeye-cli/internal/cmd/channel_create.go:460.57,462.3 1 0
github.com/StackEye-IO/stackeye-cli/internal/cmd/channel_create.go:463.2,463.23 1 0
github.com/StackEye-IO/stackeye-cli/internal/cmd/channel_create.go:463.23,465.3 1 0
github.com/StackEye-IO/stackeye-cli/internal/cmd/channel_create.go:466.2,466.12 1 0
github.com/StackEye-IO/stackeye-cli/internal/cmd/channel_create.go:472.49,474.2 1 0
github.com/StackEye-IO/stackeye-cli/internal/cmd/channel_create.go:477.49,485.20 2 0
github.com/StackEye-IO/stackeye-cli/internal/cmd/channel_create.go:485.20,487.3 1 0
github.com/StackEye-IO/stackeye-cli/internal/cmd/channel_create.go:488.2,488.12 1 0
github.com/StackEye-IO/stackeye-cli/internal/cmd/channel_create.go:492.55,499.39 2 0
github.com/StackEye-IO/stackeye-cli/internal/cmd/channel_create.go:499.39,501.3 1 0
github.com/StackEye-IO/stackeye-cli/internal/cmd/channel_create.go:502.2,502.12 1 0
github.com/StackEye-IO/stackeye-cli/internal/cmd/channel_create.go:506.46,509.37 2 0
github.com/StackEye-IO/stackeye-cli/internal/cmd/channel_create.go:509.37,511.3 1 0
github.com/StackEye-IO/stackeye-cli/internal/cmd/channel_create.go:512.2,512.12 1 0
github.com/StackEye-IO/stackeye-cli/internal/cmd/channel_delete.go:26.43,53.55 2 1
github.com/StackEye-IO/stackeye-cli/internal/cmd/channel_delete.go:53.55,55.4 1 0
github.com/StackEye-IO/stackeye-cli/internal/cmd/channel_delete.go:58.2,60.12 2 1
github.com/StackEye-IO/stackeye-cli/internal/cmd/channel_delete.go:64.91,67.16 2 0
github.com/StackEye-IO/stackeye-cli/internal/cmd/channel_delete.go:67.16,69.3 1 0
github.com/StackEye-IO/stackeye-cli/internal/cmd/channel_delete.go:72.2,73.16 2 0
github.com/StackEye-IO/stackeye-cli/internal/cmd/channel_delete.go:73.16,75.3 1 0
github.com/StackEye-IO/stackeye-cli/internal/cmd/channel_delete.go:78.2,81.16 4 0
github.com/StackEye-IO/stackeye-cli/internal/cmd/channel_delete.go:81.16,83.3 1 0
github.com/StackEye-IO/stackeye-cli/internal/cmd/channel_delete.go:86.2,86.20 1 0
github.com/StackEye-IO/stackeye-cli/internal/cmd/channel_delete.go:86.20,88.3 1 0
github.com/StackEye-IO/stackeye-cli/internal/cmd/channel_delete.go:91.2,91.28 1 0
github.com/StackEye-IO/stackeye-cli/internal/cmd/channel_delete.go:91.28,94.3 2 0
github.com/StackEye-IO/stackeye-cli/internal/cmd/channel_delete.go:97.2,97.33 1 0
github.com/StackEye-IO/stackeye-cli/internal/cmd/channel_delete.go:97.33,104.17 3 0
github.com/StackEye-IO/stackeye-cli/internal/cmd/channel_delete.go:104.17,105.54 1 0
github.com/StackEye-IO/stackeye-cli/internal/cmd/channel_delete.go:105.54,107.5 1 0
github.com/StackEye-IO/stackeye-cli/internal/cmd/channel_delete.go:108.4,108.67 1 0
github.com/StackEye-IO/stackeye-cli/internal/cmd/channel_delete.go:111.3,111.17 1 0
github.com/StackEye-IO/stackeye-cli/internal/cmd/channel_delete.go:111.17,114.4 2 0
github.com/StackEye-IO/stackeye-cli/internal/cmd/channel_delete.go:118.2,122.16 4 0
github.com/StackEye-IO/stackeye-cli/internal/cmd/channel_delete.go:122.16,124.3 1 0
github.com/StackEye-IO/stackeye-cli/internal/cmd/channel_delete.go:126.2,127.12 2 0
github.com/StackEye-IO/stackeye-cli/internal/cmd/channel_get.go:20.40,48.55 1 1
github.com/StackEye-IO/stackeye-cli/internal/cmd/channel_get.go:48.55,50.4 1 0
github.com/StackEye-IO/stackeye-cli/internal/cmd/channel_get.go:53.2,53.12 1 1
github.com/StackEye-IO/stackeye-cli/internal/cmd/channel_get.go:57.61,60.16 2 0
github.com/StackEye-IO/stackeye-cli/internal/cmd/channel_get.go:60.16,62.3 1 0
github.com/StackEye-IO/stackeye-cli/internal/cmd/channel_get.go:65.2,66.16 2 0
github.com/StackEye-IO/stackeye-cli/internal/cmd/channel_get.go:66.16,68.3 1 0
github.com/StackEye-IO/stackeye-cli/internal/cmd/channel_get.go:71.2,75.16 4 0
github.com/StackEye-IO/stackeye-cli/internal/cmd/channel_get.go:75.16,77.3 1 0
github.com/StackEye-IO/stackeye-cli/internal/cmd/channel_get.go:80.2,80.20 1 0
github.com/StackEye-IO/stackeye-cli/internal/cmd/channel_get.go:80.20,82.3 1 0
github.com/StackEye-IO/stackeye-cli/internal/cmd/channel_get.go:85.2,85.30 1 0
github.com/StackEye-IO/stackeye-cli/internal/cmd/channel_list.go:27.41,63.55 2 1
github.com/StackEye-IO/stackeye-cli/internal/cmd/channel_list.go:63.55,65.4 1 0
github.com/StackEye-IO/stackeye-cli/internal/cmd/channel_list.go:69.2,74.12 5 1
github.com/StackEye-IO/stackeye-cli/internal/cmd/channel_list.go:79.62,80.42 1 0
github.com/StackEye-IO/stackeye-cli/internal/cmd/channel_list.go:80.42,82.3 1 0
github.com/StackEye-IO/stackeye-cli/internal/cmd/channel_list.go:84.2,84.20 1 0
github.com/StackEye-IO/stackeye-cli/internal/cmd/channel_list.go:84.20,86.3 1 0
github.com/StackEye-IO/stackeye-cli/internal/cmd/channel_list.go:88.2,88.29 1 0
github.com/StackEye-IO/stackeye-cli/internal/cmd/channel_list.go:88.29,89.28 1 0
github.com/StackEye-IO/stackeye-cli/internal/cmd/channel_list.go:90.76,90.76 0 0
github.com/StackEye-IO/stackeye-cli/internal/cmd/channel_list.go:92.11,93.133 1 0
github.com/StackEye-IO/stackeye-cli/internal/cmd/channel_list.go:97.2,97.25 1 0
github.com/StackEye-IO/stackeye-cli/internal/cmd/channel_list.go:97.25,98.24 1 0
github.com/StackEye-IO/stackeye-cli/internal/cmd/channel_list.go:99.24,99.24 0 0
github.com/StackEye-IO/stackeye-cli/internal/cmd/channel_list.go:101.11,102.87 1 0
github.com/StackEye-IO/stackeye-cli/internal/cmd/channel_list.go:106.2,106.12 1 0
github.com/StackEye-IO/stackeye-cli/internal/cmd/channel_list.go:111.58,112.17 1 0
github.com/StackEye-IO/stackeye-cli/internal/cmd/channel_list.go:113.15,114.33 1 0
github.com/StackEye-IO/stackeye-cli/internal/cmd/channel_list.go:115.15,116.33 1 0
github.com/StackEye-IO/stackeye-cli/internal/cmd/channel_list.go:117.17,118.35 1 0
github.com/StackEye-IO/stackeye-cli/internal/cmd/channel_list.go:119.19,120.37 1 0
github.com/StackEye-IO/stackeye-cli/internal/cmd/channel_list.go:121.17,122.35 1 0
github.com/StackEye-IO/stackeye-cli/internal/cmd/channel_list.go:123.15,124.33 1 0
github.com/StackEye-IO/stackeye-cli/internal/cmd/channel_list.go:125.13,126.31 1 0
github.com/StackEye-IO/stackeye-cli/internal/cmd/channel_list.go:127.10,128.12 1 0
github.com/StackEye-IO/stackeye-cli/internal/cmd/channel_list.go:134.50,135.20 1 0
github.com/StackEye-IO/stackeye-cli/internal/cmd/channel_list.go:136.14,138.18 2 0
github.com/StackEye-IO/stackeye-cli/internal/cmd/channel_list.go:139.15,141.18 2 0
github.com/StackEye-IO/stackeye-cli/internal/cmd/channel_list.go:142.10,143.13 1 0
github.com/StackEye-IO/stackeye-cli/internal/cmd/channel_list.go:148.73,150.56 1 0
github.com/StackEye-IO/stackeye-cli/internal/cmd/channel_list.go:150.56,152.3 1 0
github.com/StackEye-IO/stackeye-cli/internal/cmd/channel_list.go:155.2,160.16 4 0
github.com/StackEye-IO/stackeye-cli/internal/cmd/channel_list.go:160.16,162.3 1 0
github.com/StackEye-IO/stackeye-cli/internal/cmd/channel_list.go:166.2,179.16 6 0
github.com/StackEye-IO/stackeye-cli/internal/cmd/channel_list.go:179.16,181.3 1 0
github.com/StackEye-IO/stackeye-cli/internal/cmd/channel_list.go:184.2,184.31 1 0
github.com/StackEye-IO/stackeye-cli/internal/cmd/channel_list.go:184.31,186.3 1 0
github.com/StackEye-IO/stackeye-cli/internal/cmd/channel_list.go:189.2,189.46 1 0
github.com/StackEye-IO/stackeye-cli/internal/cmd/channel_runtest.go:33.41,66.55 1 1
github.com/StackEye-IO/stackeye-cli/internal/cmd/channel_runtest.go:66.55,68.4 1 0
github.com/StackEye-IO/stackeye-cli/internal/cmd/channel_runtest.go:71.2,71.12 1 1
github.com/StackEye-IO/stackeye-cli/internal/cmd/channel_runtest.go:75.62,78.16 2 0
github.com/StackEye-IO/stackeye-cli/internal/cmd/channel_runtest.go:78.16,80.3 1 0
github.com/StackEye-IO/stackeye-cli/internal/cmd/channel_runtest.go:83.2,84.16 2 0
github.com/StackEye-IO/stackeye-cli/internal/cmd/channel_runtest.go:84.16,86.3 1 0
github.com/StackEye-IO/stackeye-cli/internal/cmd/channel_runtest.go:89.2,95.16 5 0
github.com/StackEye-IO/stackeye-cli/internal/cmd/channel_runtest.go:95.16,97.3 1 0
github.com/StackEye-IO/stackeye-cli/internal/cmd/channel_runtest.go:100.2,100.20 1 0
github.com/StackEye-IO/stackeye-cli/internal/cmd/channel_runtest.go:100.20,102.3 1 0
github.com/StackEye-IO/stackeye-cli/internal/cmd/channel_runtest.go:105.2,107.16 3 0
github.com/StackEye-IO/stackeye-cli/internal/cmd/channel_runtest.go:107.16,109.3 1 0
github.com/StackEye-IO/stackeye-cli/internal/cmd/channel_runtest.go:112.2,123.33 2 0
github.com/StackEye-IO/stackeye-cli/internal/cmd/channel_update.go:75.43,117.55 2 1
github.com/StackEye-IO/stackeye-cli/internal/cmd/channel_update.go:117.55,119.4 1 0
github.com/StackEye-IO/stackeye-cli/internal/cmd/channel_update.go:123.2,139.12 12 1
github.com/StackEye-IO/stackeye-cli/internal/cmd/channel_update.go:143.90,146.16 2 0
github.com/StackEye-IO/stackeye-cli/internal/cmd/channel_update.go:146.16,148.3 1 0
github.com/StackEye-IO/stackeye-cli/internal/cmd/channel_update.go:151.2,152.16 2 0
github.com/StackEye-IO/stackeye-cli/internal/cmd/channel_update.go:152.16,154.3 1 0
github.com/StackEye-IO/stackeye-cli/internal/cmd/channel_update.go:157.2,157.26 1 0
github.com/StackEye-IO/stackeye-cli/internal/cmd/channel_update.go:157.26,159.3 1 0
github.com/StackEye-IO/stackeye-cli/internal/cmd/channel_update.go:162.2,163.16 2 0
github.com/StackEye-IO/stackeye-cli/internal/cmd/channel_update.go:163.16,165.3 1 0
github.com/StackEye-IO/stackeye-cli/internal/cmd/channel_update.go:168.2,172.16 4 0
github.com/StackEye-IO/stackeye-cli/internal/cmd/channel_update.go:172.16,174.3 1 0
github.com/StackEye-IO/stackeye-cli/internal/cmd/channel_update.go:177.2,177.30 1 0
github.com/StackEye-IO/stackeye-cli/internal/cmd/channel_update.go:181.164,186.33 3 0
github.com/StackEye-IO/stackeye-cli/internal/cmd/channel_update.go:186.33,187.24 1 0
github.com/StackEye-IO/stackeye-cli/internal/cmd/channel_update.go:187.24,189.4 1 0
github.com/StackEye-IO/stackeye-cli/internal/cmd/channel_update.go:190.3,191.20 2 0
github.com/StackEye-IO/stackeye-cli/internal/cmd/channel_update.go:195.2,195.36 1 0
github.com/StackEye-IO/stackeye-cli/internal/cmd/channel_update.go:195.36,198.3 2 0
github.com/StackEye-IO/stackeye-cli/internal/cmd/channel_update.go:201.2,202.19 2 0
github.com/StackEye-IO/stackeye-cli/internal/cmd/channel_update.go:202.19,208.17 4 0
github.com/StackEye-IO/stackeye-cli/internal/cmd/channel_update.go:208.17,210.4 1 0
github.com/StackEye-IO/stackeye-cli/internal/cmd/channel_update.go:213.3,214.17 2 0
github.com/StackEye-IO/stackeye-cli/internal/cmd/channel_update.go:214.17,216.4 1 0
github.com/StackEye-IO/stackeye-cli/internal/cmd/channel_update.go:217.3,218.20 2 0
github.com/StackEye-IO/stackeye-cli/internal/cmd/channel_update.go:222.2,222.17 1 0
github.com/StackEye-IO/stackeye-cli/internal/cmd/channel_update.go:222.17,224.3 1 0
github.com/StackEye-IO/stackeye-cli/internal/cmd/channel_update.go:226.2,226.17 1 0
github.com/StackEye-IO/stackeye-cli/internal/cmd/channel_update.go:230.46,235.65 2 0
github.com/StackEye-IO/stackeye-cli/internal/cmd/channel_update.go:235.65,237.3 1 0
github.com/StackEye-IO/stackeye-cli/internal/cmd/channel_update.go:241.122,243.70 1 0
github.com/StackEye-IO/stackeye-cli/internal/cmd/channel_update.go:243.70,245.3 1 0
github.com/StackEye-IO/stackeye-cli/internal/cmd/channel_update.go:247.2,247.22 1 0
github.com/StackEye-IO/stackeye-cli/internal/cmd/channel_update.go:248.31,249.54 1 0
github.com/StackEye-IO/stackeye-cli/internal/cmd/channel_update.go:250.31,251.54 1 0
github.com/StackEye-IO/stackeye-cli/internal/cmd/channel_update.go:252.33,253.56 1 0
github.com/StackEye-IO/stackeye-cli/internal/cmd/channel_update.go:254.35,255.58 1 0
github.com/StackEye-IO/stackeye-cli/internal/cmd/channel_update.go:256.33,257.56 1 0
github.com/StackEye-IO/stackeye-cli/internal/cmd/channel_update.go:258.31,259.54 1 0
github.com/StackEye-IO/stackeye-cli/internal/cmd/channel_update.go:260.29,261.52 1 0
github.com/StackEye-IO/stackeye-cli/internal/cmd/channel_update.go:262.10,263.71 1 0
github.com/StackEye-IO/stackeye-cli/internal/cmd/channel_update.go:269.91,288.9 4 0
github.com/StackEye-IO/stackeye-cli/internal/cmd/channel_update.go:288.9,290.3 1 0
github.com/StackEye-IO/stackeye-cli/internal/cmd/channel_update.go:293.2,294.38 2 0
github.com/StackEye-IO/stackeye-cli/internal/cmd/channel_update.go:294.38,295.32 1 0
github.com/StackEye-IO/stackeye-cli/internal/cmd/channel_update.go:295.32,296.37 1 0
github.com/StackEye-IO/stackeye-cli/internal/cmd/channel_update.go:296.37,298.5 1 0
github.com/StackEye-IO/stackeye-cli/internal/cmd/channel_update.go:302.2,302.27 1 0
github.com/StackEye-IO/stackeye-cli/internal/cmd/channel_update.go:302.27,304.27 2 0
github.com/StackEye-IO/stackeye-cli/internal/cmd/channel_update.go:304.27,306.4 1 0
github.com/StackEye-IO/stackeye-cli/internal/cmd/channel_update.go:307.3,310.39 1 0
github.com/StackEye-IO/stackeye-cli/internal/cmd/channel_update.go:313.2,313.12 1 0
github.com/StackEye-IO/stackeye-cli/internal/cmd/channel_update.go:317.127,320.65 2 0
github.com/StackEye-IO/stackeye-cli/internal/cmd/channel_update.go:320.65,322.3 1 0
github.com/StackEye-IO/stackeye-cli/internal/cmd/channel_update.go:325.2,325.34 1 0
github.com/StackEye-IO/stackeye-cli/internal/cmd/channel_update.go:325.34,326.25 1 0
github.com/StackEye-IO/stackeye-cli/internal/cmd/channel_update.go:326.25,328.4 1 0
github.com/StackEye-IO/stackeye-cli/internal/cmd/channel_update.go:329.3,329.33 1 0
github.com/StackEye-IO/stackeye-cli/internal/cmd/channel_update.go:333.2,333.42 1 0
github.com/StackEye-IO/stackeye-cli/internal/cmd/channel_update.go:337.127,340.65 2 0
github.com/StackEye-IO/stackeye-cli/internal/cmd/channel_update.go:340.65,342.3 1 0
github.com/StackEye-IO/stackeye-cli/internal/cmd/channel_update.go:345.2,345.40 1 0
github.com/StackEye-IO/stackeye-cli/internal/cmd/channel_update.go:345.40,346.30 1 0
github.com/StackEye-IO/stackeye-cli/internal/cmd/channel_update.go:346.30,348.4 1 0
github.com/StackEye-IO/stackeye-cli/internal/cmd/channel_update.go:349.3,349.41 1 0
github.com/StackEye-IO/stackeye-cli/internal/cmd/channel_update.go:353.2,353.45 1 0
github.com/StackEye-IO/stackeye-cli/internal/cmd/channel_update.go:357.129,360.65 2 0
github.com/StackEye-IO/stackeye-cli/internal/cmd/channel_update.go:360.65,362.3 1 0
github.com/StackEye-IO/stackeye-cli/internal/cmd/channel_update.go:365.2,365.32 1 0
github.com/StackEye-IO/stackeye-cli/internal/cmd/channel_update.go:365.32,366.23 1 0
[...]
github.com/StackEye-IO/stackeye-cli/internal/cmd/status_page_update.go:196.24,198.4 1 1
github.com/StackEye-IO/stackeye-cli/internal/cmd/status_page_update.go:199.3,200.20 2 1
github.com/StackEye-IO/stackeye-cli/internal/cmd/status_page_update.go:204.2,204.33 1 1
github.com/StackEye-IO/stackeye-cli/internal/cmd/status_page_update.go:204.33,205.24 1 1
github.com/StackEye-IO/stackeye-cli/internal/cmd/status_page_update.go:205.24,207.4 1 1
github.com/StackEye-IO/stackeye-cli/internal/cmd/status_page_update.go:208.3,208.51 1 1
github.com/StackEye-IO/stackeye-cli/internal/cmd/status_page_update.go:208.51,210.4 1 1
github.com/StackEye-IO/stackeye-cli/internal/cmd/status_page_update.go:211.3,212.20 2 0
github.com/StackEye-IO/stackeye-cli/internal/cmd/status_page_update.go:216.2,216.34 1 1
github.com/StackEye-IO/stackeye-cli/internal/cmd/status_page_update.go:216.34,217.53 1 1
github.com/StackEye-IO/stackeye-cli/internal/cmd/status_page_update.go:217.53,219.4 1 1
github.com/StackEye-IO/stackeye-cli/internal/cmd/status_page_update.go:220.3,222.20 3 1
github.com/StackEye-IO/stackeye-cli/internal/cmd/status_page_update.go:226.2,226.42 1 1
github.com/StackEye-IO/stackeye-cli/internal/cmd/status_page_update.go:226.42,229.3 2 0
github.com/StackEye-IO/stackeye-cli/internal/cmd/status_page_update.go:232.2,232.37 1 1
github.com/StackEye-IO/stackeye-cli/internal/cmd/status_page_update.go:232.37,235.3 2 0
github.com/StackEye-IO/stackeye-cli/internal/cmd/status_page_update.go:238.2,238.40 1 1
github.com/StackEye-IO/stackeye-cli/internal/cmd/status_page_update.go:238.40,241.3 2 0
github.com/StackEye-IO/stackeye-cli/internal/cmd/status_page_update.go:244.2,244.40 1 1
github.com/StackEye-IO/stackeye-cli/internal/cmd/status_page_update.go:244.40,247.3 2 1
github.com/StackEye-IO/stackeye-cli/internal/cmd/status_page_update.go:250.2,250.40 1 1
github.com/StackEye-IO/stackeye-cli/internal/cmd/status_page_update.go:250.40,253.3 2 0
github.com/StackEye-IO/stackeye-cli/internal/cmd/status_page_update.go:256.2,256.35 1 1
github.com/StackEye-IO/stackeye-cli/internal/cmd/status_page_update.go:256.35,259.3 2 1
github.com/StackEye-IO/stackeye-cli/internal/cmd/status_page_update.go:262.2,262.40 1 1
github.com/StackEye-IO/stackeye-cli/internal/cmd/status_page_update.go:262.40,265.3 2 1
github.com/StackEye-IO/stackeye-cli/internal/cmd/status_page_update.go:268.2,268.36 1 1
github.com/StackEye-IO/stackeye-cli/internal/cmd/status_page_update.go:268.36,271.3 2 1
github.com/StackEye-IO/stackeye-cli/internal/cmd/status_page_update.go:274.2,274.17 1 1
github.com/StackEye-IO/stackeye-cli/internal/cmd/status_page_update.go:274.17,276.3 1 1
github.com/StackEye-IO/stackeye-cli/internal/cmd/status_page_update.go:278.2,278.17 1 1
github.com/StackEye-IO/stackeye-cli/internal/cmd/status_page_update.go:282.123,284.16 2 0
github.com/StackEye-IO/stackeye-cli/internal/cmd/status_page_update.go:284.16,286.3 1 0
github.com/StackEye-IO/stackeye-cli/internal/cmd/status_page_update.go:288.2,289.51 2 0
github.com/StackEye-IO/stackeye-cli/internal/cmd/status_page_update.go:289.51,291.3 1 0
github.com/StackEye-IO/stackeye-cli/internal/cmd/status_page_update.go:293.2,297.21 3 0
github.com/StackEye-IO/stackeye-cli/internal/cmd/status_page_update.go:297.21,298.22 1 0
github.com/StackEye-IO/stackeye-cli/internal/cmd/status_page_update.go:298.22,300.4 1 0
github.com/StackEye-IO/stackeye-cli/internal/cmd/status_page_update.go:301.3,302.20 2 0
github.com/StackEye-IO/stackeye-cli/internal/cmd/status_page_update.go:306.2,306.21 1 0
github.com/StackEye-IO/stackeye-cli/internal/cmd/status_page_update.go:306.21,307.22 1 0
github.com/StackEye-IO/stackeye-cli/internal/cmd/status_page_update.go:307.22,309.4 1 0
github.com/StackEye-IO/stackeye-cli/internal/cmd/status_page_update.go:310.3,310.49 1 0
github.com/StackEye-IO/stackeye-cli/internal/cmd/status_page_update.go:310.49,312.4 1 0
github.com/StackEye-IO/stackeye-cli/internal/cmd/status_page_update.go:313.3,314.20 2 0
github.com/StackEye-IO/stackeye-cli/internal/cmd/status_page_update.go:318.2,318.22 1 0
github.com/StackEye-IO/stackeye-cli/internal/cmd/status_page_update.go:318.22,319.51 1 0
github.com/StackEye-IO/stackeye-cli/internal/cmd/status_page_update.go:319.51,321.4 1 0
github.com/StackEye-IO/stackeye-cli/internal/cmd/status_page_update.go:322.3,324.20 3 0
github.com/StackEye-IO/stackeye-cli/internal/cmd/status_page_update.go:328.2,328.29 1 0
github.com/StackEye-IO/stackeye-cli/internal/cmd/status_page_update.go:328.29,331.3 2 0
github.com/StackEye-IO/stackeye-cli/internal/cmd/status_page_update.go:334.2,334.24 1 0
github.com/StackEye-IO/stackeye-cli/internal/cmd/status_page_update.go:334.24,337.3 2 0
github.com/StackEye-IO/stackeye-cli/internal/cmd/status_page_update.go:340.2,340.27 1 0
github.com/StackEye-IO/stackeye-cli/internal/cmd/status_page_update.go:340.27,343.3 2 0
github.com/StackEye-IO/stackeye-cli/internal/cmd/status_page_update.go:346.2,346.27 1 0
github.com/StackEye-IO/stackeye-cli/internal/cmd/status_page_update.go:346.27,349.3 2 0
github.com/StackEye-IO/stackeye-cli/internal/cmd/status_page_update.go:352.2,352.27 1 0
github.com/StackEye-IO/stackeye-cli/internal/cmd/status_page_update.go:352.27,355.3 2 0
github.com/StackEye-IO/stackeye-cli/internal/cmd/status_page_update.go:358.2,358.25 1 0
github.com/StackEye-IO/stackeye-cli/internal/cmd/status_page_update.go:358.25,361.3 2 0
github.com/StackEye-IO/stackeye-cli/internal/cmd/status_page_update.go:364.2,364.37 1 0
github.com/StackEye-IO/stackeye-cli/internal/cmd/status_page_update.go:364.37,367.3 2 0
github.com/StackEye-IO/stackeye-cli/internal/cmd/status_page_update.go:370.2,370.24 1 0
github.com/StackEye-IO/stackeye-cli/internal/cmd/status_page_update.go:370.24,373.3 2 0
github.com/StackEye-IO/stackeye-cli/internal/cmd/status_page_update.go:375.2,375.17 1 0
github.com/StackEye-IO/stackeye-cli/internal/cmd/status_page_update.go:375.17,377.3 1 0
github.com/StackEye-IO/stackeye-cli/internal/cmd/status_page_update.go:380.2,384.16 4 0
github.com/StackEye-IO/stackeye-cli/internal/cmd/status_page_update.go:384.16,386.3 1 0
github.com/StackEye-IO/stackeye-cli/internal/cmd/status_page_update.go:388.2,388.33 1 0
github.com/StackEye-IO/stackeye-cli/internal/cmd/team.go:8.34,37.2 8 1
github.com/StackEye-IO/stackeye-cli/internal/cmd/team_invitations.go:19.45,46.55 1 1
github.com/StackEye-IO/stackeye-cli/internal/cmd/team_invitations.go:46.55,48.4 1 0
github.com/StackEye-IO/stackeye-cli/internal/cmd/team_invitations.go:51.2,51.12 1 1
github.com/StackEye-IO/stackeye-cli/internal/cmd/team_invitations.go:55.52,58.16 2 0
github.com/StackEye-IO/stackeye-cli/internal/cmd/team_invitations.go:58.16,60.3 1 0
github.com/StackEye-IO/stackeye-cli/internal/cmd/team_invitations.go:63.2,67.16 4 0
github.com/StackEye-IO/stackeye-cli/internal/cmd/team_invitations.go:67.16,69.3 1 0
github.com/StackEye-IO/stackeye-cli/internal/cmd/team_invitations.go:72.2,72.34 1 0
github.com/StackEye-IO/stackeye-cli/internal/cmd/team_invitations.go:72.34,74.3 1 0
github.com/StackEye-IO/stackeye-cli/internal/cmd/team_invitations.go:77.2,77.52 1 0
github.com/StackEye-IO/stackeye-cli/internal/cmd/team_invite.go:31.40,61.55 2 1
github.com/StackEye-IO/stackeye-cli/internal/cmd/team_invite.go:61.55,63.4 1 0
github.com/StackEye-IO/stackeye-cli/internal/cmd/team_invite.go:67.2,68.54 2 1
github.com/StackEye-IO/stackeye-cli/internal/cmd/team_invite.go:68.54,69.71 1 0
github.com/StackEye-IO/stackeye-cli/internal/cmd/team_invite.go:72.2,73.53 2 1
github.com/StackEye-IO/stackeye-cli/internal/cmd/team_invite.go:73.53,74.70 1 0
github.com/StackEye-IO/stackeye-cli/internal/cmd/team_invite.go:77.2,77.12 1 1
github.com/StackEye-IO/stackeye-cli/internal/cmd/team_invite.go:82.60,84.23 1 0
github.com/StackEye-IO/stackeye-cli/internal/cmd/team_invite.go:84.23,86.3 1 0
github.com/StackEye-IO/stackeye-cli/internal/cmd/team_invite.go:87.2,88.16 2 0
github.com/StackEye-IO/stackeye-cli/internal/cmd/team_invite.go:88.16,90.3 1 0
github.com/StackEye-IO/stackeye-cli/internal/cmd/team_invite.go:93.2,94.57 2 0
github.com/StackEye-IO/stackeye-cli/internal/cmd/team_invite.go:94.57,96.3 1 0
github.com/StackEye-IO/stackeye-cli/internal/cmd/team_invite.go:99.2,99.22 1 0
github.com/StackEye-IO/stackeye-cli/internal/cmd/team_invite.go:99.22,101.3 1 0
github.com/StackEye-IO/stackeye-cli/internal/cmd/team_invite.go:102.2,103.44 2 0
github.com/StackEye-IO/stackeye-cli/internal/cmd/team_invite.go:103.44,105.3 1 0
github.com/StackEye-IO/stackeye-cli/internal/cmd/team_invite.go:107.2,107.12 1 0
github.com/StackEye-IO/stackeye-cli/internal/cmd/team_invite.go:111.71,113.55 1 0
github.com/StackEye-IO/stackeye-cli/internal/cmd/team_invite.go:113.55,115.3 1 0
github.com/StackEye-IO/stackeye-cli/internal/cmd/team_invite.go:118.2,122.16 3 0
github.com/StackEye-IO/stackeye-cli/internal/cmd/team_invite.go:122.16,124.3 1 0
github.com/StackEye-IO/stackeye-cli/internal/cmd/team_invite.go:127.2,137.16 5 0
github.com/StackEye-IO/stackeye-cli/internal/cmd/team_invite.go:137.16,139.3 1 0
github.com/StackEye-IO/stackeye-cli/internal/cmd/team_invite.go:142.2,142.50 1 0
github.com/StackEye-IO/stackeye-cli/internal/cmd/team_list.go:25.38,55.55 2 1
github.com/StackEye-IO/stackeye-cli/internal/cmd/team_list.go:55.55,57.4 1 0
github.com/StackEye-IO/stackeye-cli/internal/cmd/team_list.go:61.2,64.12 3 1
github.com/StackEye-IO/stackeye-cli/internal/cmd/team_list.go:69.56,70.42 1 0
github.com/StackEye-IO/stackeye-cli/internal/cmd/team_list.go:70.42,72.3 1 0
github.com/StackEye-IO/stackeye-cli/internal/cmd/team_list.go:74.2,74.20 1 0
github.com/StackEye-IO/stackeye-cli/internal/cmd/team_list.go:74.20,76.3 1 0
github.com/StackEye-IO/stackeye-cli/internal/cmd/team_list.go:78.2,78.12 1 0
github.com/StackEye-IO/stackeye-cli/internal/cmd/team_list.go:82.67,84.53 1 0
github.com/StackEye-IO/stackeye-cli/internal/cmd/team_list.go:84.53,86.3 1 0
github.com/StackEye-IO/stackeye-cli/internal/cmd/team_list.go:89.2,90.16 2 0
github.com/StackEye-IO/stackeye-cli/internal/cmd/team_list.go:90.16,92.3 1 0
github.com/StackEye-IO/stackeye-cli/internal/cmd/team_list.go:96.2,107.16 6 0
github.com/StackEye-IO/stackeye-cli/internal/cmd/team_list.go:107.16,109.3 1 0
github.com/StackEye-IO/stackeye-cli/internal/cmd/team_list.go:112.2,112.30 1 0
github.com/StackEye-IO/stackeye-cli/internal/cmd/team_list.go:112.30,114.3 1 0
github.com/StackEye-IO/stackeye-cli/internal/cmd/team_list.go:117.2,117.48 1 0
github.com/StackEye-IO/stackeye-cli/internal/cmd/team_remove.go:29.40,63.55 2 1
github.com/StackEye-IO/stackeye-cli/internal/cmd/team_remove.go:63.55,65.4 1 0
github.com/StackEye-IO/stackeye-cli/internal/cmd/team_remove.go:69.2,75.12 4 1
github.com/StackEye-IO/stackeye-cli/internal/cmd/team_remove.go:80.60,82.46 1 0
github.com/StackEye-IO/stackeye-cli/internal/cmd/team_remove.go:82.46,84.3 1 0
github.com/StackEye-IO/stackeye-cli/internal/cmd/team_remove.go:85.2,85.46 1 0
github.com/StackEye-IO/stackeye-cli/internal/cmd/team_remove.go:85.46,87.3 1 0
github.com/StackEye-IO/stackeye-cli/internal/cmd/team_remove.go:89.2,89.12 1 0
github.com/StackEye-IO/stackeye-cli/internal/cmd/team_remove.go:94.40,98.16 4 0
github.com/StackEye-IO/stackeye-cli/internal/cmd/team_remove.go:98.16,100.3 1 0
github.com/StackEye-IO/stackeye-cli/internal/cmd/team_remove.go:101.2,102.45 2 0
github.com/StackEye-IO/stackeye-cli/internal/cmd/team_remove.go:106.71,108.55 1 0
github.com/StackEye-IO/stackeye-cli/internal/cmd/team_remove.go:108.55,110.3 1 0
github.com/StackEye-IO/stackeye-cli/internal/cmd/team_remove.go:113.2,114.16 2 0
github.com/StackEye-IO/stackeye-cli/internal/cmd/team_remove.go:114.16,116.3 1 0
github.com/StackEye-IO/stackeye-cli/internal/cmd/team_remove.go:119.2,124.16 4 0
github.com/StackEye-IO/stackeye-cli/internal/cmd/team_remove.go:124.16,126.3 1 0
github.com/StackEye-IO/stackeye-cli/internal/cmd/team_remove.go:129.2,130.23 2 0
github.com/StackEye-IO/stackeye-cli/internal/cmd/team_remove.go:130.23,135.17 2 0
github.com/StackEye-IO/stackeye-cli/internal/cmd/team_remove.go:135.17,137.4 1 0
github.com/StackEye-IO/stackeye-cli/internal/cmd/team_remove.go:138.3,138.36 1 0
github.com/StackEye-IO/stackeye-cli/internal/cmd/team_remove.go:138.36,139.24 1 0
github.com/StackEye-IO/stackeye-cli/internal/cmd/team_remove.go:139.24,141.10 2 0
github.com/StackEye-IO/stackeye-cli/internal/cmd/team_remove.go:144.3,144.24 1 0
github.com/StackEye-IO/stackeye-cli/internal/cmd/team_remove.go:144.24,146.4 1 0
github.com/StackEye-IO/stackeye-cli/internal/cmd/team_remove.go:150.2,150.35 1 0
github.com/StackEye-IO/stackeye-cli/internal/cmd/team_remove.go:150.35,151.35 1 0
github.com/StackEye-IO/stackeye-cli/internal/cmd/team_remove.go:151.35,154.4 2 0
github.com/StackEye-IO/stackeye-cli/internal/cmd/team_remove.go:158.2,158.73 1 0
github.com/StackEye-IO/stackeye-cli/internal/cmd/team_remove.go:158.73,160.3 1 0
github.com/StackEye-IO/stackeye-cli/internal/cmd/team_remove.go:163.2,163.57 1 0
github.com/StackEye-IO/stackeye-cli/internal/cmd/team_revoke_invitation.go:28.50,57.55 2 1
github.com/StackEye-IO/stackeye-cli/internal/cmd/team_revoke_invitation.go:57.55,59.4 1 0
github.com/StackEye-IO/stackeye-cli/internal/cmd/team_revoke_invitation.go:63.2,66.12 3 1
github.com/StackEye-IO/stackeye-cli/internal/cmd/team_revoke_invitation.go:71.76,72.20 1 0
github.com/StackEye-IO/stackeye-cli/internal/cmd/team_revoke_invitation.go:72.20,74.3 1 0
github.com/StackEye-IO/stackeye-cli/internal/cmd/team_revoke_invitation.go:75.2,75.12 1 0
github.com/StackEye-IO/stackeye-cli/internal/cmd/team_revoke_invitation.go:80.57,81.17 1 0
github.com/StackEye-IO/stackeye-cli/internal/cmd/team_revoke_invitation.go:81.17,83.3 1 0
github.com/StackEye-IO/stackeye-cli/internal/cmd/team_revoke_invitation.go:83.8,85.3 1 0
github.com/StackEye-IO/stackeye-cli/internal/cmd/team_revoke_invitation.go:86.2,88.16 3 0
github.com/StackEye-IO/stackeye-cli/internal/cmd/team_revoke_invitation.go:88.16,90.3 1 0
github.com/StackEye-IO/stackeye-cli/internal/cmd/team_revoke_invitation.go:91.2,92.45 2 0
github.com/StackEye-IO/stackeye-cli/internal/cmd/team_revoke_invitation.go:96.91,98.61 1 0
github.com/StackEye-IO/stackeye-cli/internal/cmd/team_revoke_invitation.go:98.61,100.3 1 0
github.com/StackEye-IO/stackeye-cli/internal/cmd/team_revoke_invitation.go:103.2,104.16 2 0
github.com/StackEye-IO/stackeye-cli/internal/cmd/team_revoke_invitation.go:104.16,106.3 1 0
github.com/StackEye-IO/stackeye-cli/internal/cmd/team_revoke_invitation.go:109.2,115.16 5 0
github.com/StackEye-IO/stackeye-cli/internal/cmd/team_revoke_invitation.go:115.16,116.47 1 0
github.com/StackEye-IO/stackeye-cli/internal/cmd/team_revoke_invitation.go:116.47,117.26 1 0
github.com/StackEye-IO/stackeye-cli/internal/cmd/team_revoke_invitation.go:117.26,119.10 2 0
github.com/StackEye-IO/stackeye-cli/internal/cmd/team_revoke_invitation.go:125.2,125.35 1 0
github.com/StackEye-IO/stackeye-cli/internal/cmd/team_revoke_invitation.go:125.35,126.52 1 0
github.com/StackEye-IO/stackeye-cli/internal/cmd/team_revoke_invitation.go:126.52,129.4 2 0
github.com/StackEye-IO/stackeye-cli/internal/cmd/team_revoke_invitation.go:133.2,133.77 1 0
github.com/StackEye-IO/stackeye-cli/internal/cmd/team_revoke_invitation.go:133.77,135.3 1 0
github.com/StackEye-IO/stackeye-cli/internal/cmd/team_revoke_invitation.go:138.2,138.65 1 0
github.com/StackEye-IO/stackeye-cli/internal/cmd/team_update_role.go:28.44,58.55 2 1
github.com/StackEye-IO/stackeye-cli/internal/cmd/team_update_role.go:58.55,60.4 1 0
github.com/StackEye-IO/stackeye-cli/internal/cmd/team_update_role.go:64.2,69.53 4 1
github.com/StackEye-IO/stackeye-cli/internal/cmd/team_update_role.go:69.53,70.70 1 0
github.com/StackEye-IO/stackeye-cli/internal/cmd/team_update_role.go:73.2,73.12 1 1
github.com/StackEye-IO/stackeye-cli/internal/cmd/team_update_role.go:78.68,80.46 1 0
github.com/StackEye-IO/stackeye-cli/internal/cmd/team_update_role.go:80.46,82.3 1 0
github.com/StackEye-IO/stackeye-cli/internal/cmd/team_update_role.go:83.2,83.46 1 0
github.com/StackEye-IO/stackeye-cli/internal/cmd/team_update_role.go:83.46,85.3 1 0
github.com/StackEye-IO/stackeye-cli/internal/cmd/team_update_role.go:88.2,88.22 1 0
github.com/StackEye-IO/stackeye-cli/internal/cmd/team_update_role.go:88.22,90.3 1 0
github.com/StackEye-IO/stackeye-cli/internal/cmd/team_update_role.go:91.2,92.44 2 0
github.com/StackEye-IO/stackeye-cli/internal/cmd/team_update_role.go:92.44,94.3 1 0
github.com/StackEye-IO/stackeye-cli/internal/cmd/team_update_role.go:96.2,96.12 1 0
github.com/StackEye-IO/stackeye-cli/internal/cmd/team_update_role.go:102.112,104.19 1 0
github.com/StackEye-IO/stackeye-cli/internal/cmd/team_update_role.go:104.19,106.3 1 0
github.com/StackEye-IO/stackeye-cli/internal/cmd/team_update_role.go:110.2,113.16 2 0
github.com/StackEye-IO/stackeye-cli/internal/cmd/team_update_role.go:113.16,115.3 1 0
github.com/StackEye-IO/stackeye-cli/internal/cmd/team_update_role.go:118.2,119.40 2 0
github.com/StackEye-IO/stackeye-cli/internal/cmd/team_update_role.go:119.40,120.50 1 0
github.com/StackEye-IO/stackeye-cli/internal/cmd/team_update_role.go:120.50,122.4 1 0
github.com/StackEye-IO/stackeye-cli/internal/cmd/team_update_role.go:125.2,125.67 1 0
github.com/StackEye-IO/stackeye-cli/internal/cmd/team_update_role.go:129.79,131.59 1 0
github.com/StackEye-IO/stackeye-cli/internal/cmd/team_update_role.go:131.59,133.3 1 0
github.com/StackEye-IO/stackeye-cli/internal/cmd/team_update_role.go:136.2,140.16 3 0
github.com/StackEye-IO/stackeye-cli/internal/cmd/team_update_role.go:140.16,142.3 1 0
github.com/StackEye-IO/stackeye-cli/internal/cmd/team_update_role.go:145.2,150.16 4 0
github.com/StackEye-IO/stackeye-cli/internal/cmd/team_update_role.go:150.16,152.3 1 0
github.com/StackEye-IO/stackeye-cli/internal/cmd/team_update_role.go:155.2,161.16 3 0
github.com/StackEye-IO/stackeye-cli/internal/cmd/team_update_role.go:161.16,163.3 1 0
github.com/StackEye-IO/stackeye-cli/internal/cmd/team_update_role.go:166.2,166.40 1 0
github.com/StackEye-IO/stackeye-cli/internal/cmd/version.go:12.37,23.68 2 1
github.com/StackEye-IO/stackeye-cli/internal/cmd/version.go:23.68,25.4 1 0
github.com/StackEye-IO/stackeye-cli/internal/cmd/version.go:26.48,28.17 2 0
github.com/StackEye-IO/stackeye-cli/internal/cmd/version.go:28.17,31.5 2 0
github.com/StackEye-IO/stackeye-cli/internal/cmd/version.go:32.4,32.30 1 0
github.com/StackEye-IO/stackeye-cli/internal/cmd/version.go:36.2,38.12 2 1
github.com/StackEye-IO/stackeye-cli/internal/cmd/whoami.go:21.36,40.55 1 1
github.com/StackEye-IO/stackeye-cli/internal/cmd/whoami.go:40.55,42.4 1 0
github.com/StackEye-IO/stackeye-cli/internal/cmd/whoami.go:45.2,45.12 1 1
github.com/StackEye-IO/stackeye-cli/internal/cmd/whoami.go:49.24,52.16 2 0
github.com/StackEye-IO/stackeye-cli/internal/cmd/whoami.go:52.16,56.3 3 0
github.com/StackEye-IO/stackeye-cli/internal/cmd/whoami.go:59.2,59.30 1 0
github.com/StackEye-IO/stackeye-cli/internal/cmd/whoami.go:59.30,63.3 3 0
github.com/StackEye-IO/stackeye-cli/internal/cmd/whoami.go:66.2,67.16 2 0
github.com/StackEye-IO/stackeye-cli/internal/cmd/whoami.go:67.16,71.3 3 0
github.com/StackEye-IO/stackeye-cli/internal/cmd/whoami.go:74.2,74.22 1 0
github.com/StackEye-IO/stackeye-cli/internal/cmd/whoami.go:74.22,78.3 3 0
github.com/StackEye-IO/stackeye-cli/internal/cmd/whoami.go:81.2,90.16 6 0
github.com/StackEye-IO/stackeye-cli/internal/cmd/whoami.go:90.16,92.3 1 0
github.com/StackEye-IO/stackeye-cli/internal/cmd/whoami.go:95.2,97.12 2 0
github.com/StackEye-IO/stackeye-cli/internal/cmd/whoami.go:102.105,106.26 2 0
github.com/StackEye-IO/stackeye-cli/internal/cmd/whoami.go:106.26,108.61 2 0
github.com/StackEye-IO/stackeye-cli/internal/cmd/whoami.go:108.61,110.4 1 0
github.com/StackEye-IO/stackeye-cli/internal/cmd/whoami.go:111.3,111.27 1 0
github.com/StackEye-IO/stackeye-cli/internal/cmd/whoami.go:111.27,113.4 1 0
github.com/StackEye-IO/stackeye-cli/internal/cmd/whoami.go:114.3,114.16 1 0
github.com/StackEye-IO/stackeye-cli/internal/cmd/whoami.go:118.2,123.15 5 0
